歌 詞 亂 七 八 糟 噉
我 一 句 都 聽 咪 覺 醒
即 是 ， 歌 詞 誰 寫 噉 ？
誰 寫 噉 ？ , 講 話
其 實 ， 創 作 呢 東 東 為 好 主 觀 噉
不 過 你 們 噉 唱 ， 我 為 一 定 會 跟 進 噉
況 且 唱 歌 只 不 過 為 前 奏 而 己
高 潮 即 是 少 林 噉 大 力 金 剛 腳 孖 鐵 頭 功
鐵 頭 功 為 啦 ？
早 說 咯 ， 這 歌 詞 不 行 噸
我 咪 鐵 頭 功 ， 佢 纔 為
鐵 頭 功 為 啦 ？
都 講 話 … , 鐵 頭 功 為 啦 ？
金 剛 腳
佢 纔 為 金 剛 腳 丫
你 還 說 金 剛 腳 ？
打 死 你
狗 屁 金 剛 腳
我 纔 為 金 剛 腳
鐵 頭 功 為 啦 ？
你 聽 不 懂 中 國 說 話 ， 那 個 纔 為 …
鐵 頭 功 為 啦 ？
你 抌 上 癮 咯 ？
鐵 …
幹 嘛 ， 諗 還 手 ？
多 謝 啦 …
歡 樂 噉 時 光 過 得 得 意 快
又 到 時 候 傾 拜 拜
大 家 先 來 聽 首 歌 ， 音 樂
你 媽 噉 ！ 仲 裝 蒜 ？
還 在 這 兒 死 撐 ？
多 謝 咯 …
瘸 你 媽 噉
幹 嘛 ？
鬆 ！ 沒 什 麼 好 看 噉
你 沒 打 夠 ， 還 想 再 試 抌 ？
我 應 承 過 師 父 咪 打 架 噉
大 哥 ， 呢 傢 伙 腦 部 震 盪 過 度 丫
但 是 你 們 實 行 若 果 道 歉
道 歉 ？
我 抌 你 應 該 ， 咪 抌 你 悲 哀
不 好 動 ！ 你 說 過 咪 打 架 噉
我 咪 零 打 架 ， 我 為 零 踢 球 噉
我 框 你 噉 …
用 不 著 噉 誇 張 啦 ？
幹 什 麼 ？
不 好 意 思 丫 大 哥 ， 對 不 起
你 有 帶 錢 響 身 上 咩 ？
有 有
三 毛 三 毛
呢 算 不 算 搶 劫 ？
預 ， 你 學 過 螳 螂 拳 咩 ？
研 究 過
那 咪 不 好 再 試 侮 辱 少 林 武 功
介 不 介 意 把 褲 屙 高 點
等 我 看 看 你 噉 腳 ？
我 心 情 不 太 好 ， 若 果 屙 你 自 己 屙
正 一 天 生 神 力
盞 一 條 奪 命 香 雞 腿
為 少 林 噉 大 力 金 剛 腳
功 夫 正 一 做 得 用 來 踢 球 咩 ？
功 夫 踢 球 有 搞 頭 咩 ？
有 搞 頭
真 丫
功 夫 踢 球 盞 橋
幫 乜 我 一 路 沒 想 到 呢 ？
你 咪 那 個 瘸 子 ？
我 咪 瘸 子 噉 簡 單
我 抑 或 當 年 叱 吒 球 壇 噉 黃 金 右 腳
現 在 為 足 球 教 練
那 正 好 ， 你 教 我 踢 球
等 一 番
還 等 乜 ？ 為 你 講 話 有 搞 頭 噉
沒 錯 ， 那 仲 要 給 我 點 檔 期 想 一 想
已 經 沒 檔 期 咯
太 陽 都 下 山 啦 ， 有 搞 頭 咪 趕 快 整
檔 期 為 咪 等 人 噉
那 仲 若 果 準 備 一 番 嘛
我 已 經 準 備 盞 啦 ， 還 差 乜 ？
起 碼 若 果 有 孖 球 鞋 嘛
你 現 在 有 錢 贖 回 你 噉 破 鞋 咯 ？
錢 還 未 有 ， 但 是 …
扔 掉 咯
扔 掉 咯 ？
無 疑 ， 你 噉 破 鞋 已 經 破 到 沒 法 穿 咯
破 是 破 ， 但 是 我 … , 你 快 鬆 啦
等 一 番 老 闆 娘 出 來 ， 又 若 果 罵 人 咯
破 噉 鞋 未 有 咯
補 好 噉 有 一 雙 ， 你 若 果 不 好 ？
大 師 兄 ， 你 點 咯 ？
大 師 兄 ， 你 無 事 啦 ？
我 無 事
你 又 諗 點 ？
我 終 於 想 到 間 術
做 得 將 少 林 武 功 更 加 發 揚 光 大
即 是 踢 球
你 落 我 一 條 生 路 啦
你 已 害 我 比 人 抌 ， 還 被 解 僱 咯
現 在 我 要 洗 廁 所 賠 錢
故 此 我 為 零 打 救 你 噉
不 用 咯 ！ 你 還 打 救 得 不 夠 ？
你 別 監 我 ， 是 不 是
諗 我 全 家 跳 樓 直 響 你 面 前 ？
直 為 咪 解 決 問 題 噉
你 勇 敢 些 少
你 噉 志 氣 偷 走 邊 上 去 咯 ？
就 當 我 沒 志 氣 ！ 就 當 我 湴 扶 不 上 牆
拜 託 你 不 好 再 試 抄 我
你 若 果 抄 ， 抄 其 他 師 兄 弟 啦
拜 託 你 咯 ， 求 求 你 不 好 再 煩 我 …
我 求 求 你 啦
鐵 頭 功 鐵 頭 功
四 師 兄 ， 更
星 哥 ， 更
好 久 不 見 ， 有 乜 盞 關 照 ？
給 你 介 紹 位 猛 男 ！ 這 位 為 …
喂 ， 點 稱 呼 ？
稱 做 我 阿 鋒 行 啦
鋒 哥 為 啦 ？ 財 經 界 有 誰 咪 識 得 鋒 哥 ？
你 話 佢 一 身 噉 IT 造 型
鋒 哥 為 位 足 球 教 練
足 球 教 練 為 啦 ？
足 球 界 有 誰 咪 識 得 鋒 哥 噉 ？
我 從 小 咪 看 鋒 哥 踢 球 咯
你 為 搦 兩 隻 腳 踢 球 ， 真 啦 ？
我 沒 亂 蓋 啦 ， 有 乜 盞 關 照 ？
打 算 抄 你 組 隊 踢 球
正 一 抄 我 踢 球 ？
我 半 年 沒 做 事 咯 ， 你 抄 我 踢 球 ？
咪 ， 你 當 年 噉 鬼 影 擒 拿 手
若 果 拿 來 居 龍 門 的 話
鬼 屁 影 擒 拿 手 ？ 多 年 前 噉 事 咯
師 父 直 咯 多 久 我 都 咪 記 得 咯
你 聽 我 講 話
我 們 這 次 為 參 加 兩 年 一 度 噉 超 級 杯
贏 了 有 一 百 萬 利 市 丫
為 咩 ？ 故 此 我 一 直 說 你 最 精 明 能 幹
風 生 水 起 西 裝 革 履 ， 你 話 你 型 噉
當 年 師 父 稱 做 我 們 將 少 林 功 夫 發 揚 光 大
現 在 居 然 等 你 們 兩 混 球 發 揚 落 足 球 落
正 一 有 見 噉
你 看 看
當 年 我 們 幾 師 兄 弟 噉 臺 照
我 一 路 擺 在 枕 頭 下 面
你 咪 知 道 我 為 乜 …
盞 話 ！ 我 們 坐 下 來 慢 慢 斟 乜
我 有 空 抄 你 們 ， 記 得 稱 做 我
我 沒 空 幫 你 出 聲
好 幾 客 人 響 等 我 ， 還 要 掘 住 股 市
一 秒 鐘 幾 十 萬 上 下 呢
喂 ， 現 在 乜 價 位 ？
碰 巧 今 天 司 機 放 大 假
碰 巧 今 天 又 把 車 借 給 人 家 咯
碰 巧 剛 把 錢 包 留 在 公 司
今 天 我 請 不 到 你 吃 飯 啦
我 正 一 很 忙 丫
車 來 咯 丫
考 慮 一 下 ， 三 師 兄
你 當 年 噉 金 鐘 罩 鐵 布 衫
若 果 用 來 搓 後 衛
你 … 你 還 提 金 鐘 罩 鐵 布 衫 ？
你 看 看 ， 滿 天 都 為 飛 機
隨 都 為 電 腦
現 在 乜 世 界 咯 ？ 你 醒 醒 啦
故 此 我 打 算 搦 武 功 配 合 足 球 搞 新 組 臺
為 丫 ， 利 市 好 引 人 噉
我 靠 ， 你 當 我 乜 ？
我 一 秒 鐘 幾 十 萬 上 下
無 緣 無 故 幫 你 們 好 幾 廢 物 上 去 踢 球
難 意 恩 ， 你 知 道 我 這 個 人 咪 噉 直
還 要 無 緣 無 故 幫 你 這 死 瘸 子 參 加 比 賽
請 你 原 諒 我 為 噉 直
後 尾 還 要 無 緣 無 故 噉 贏 了 比 賽
或 然 率 為 低 過 零 丫
你 講 話 噉 這 個 或 然 輪 嘛
你 才 輪 ！ 為 或 然 率 丫
簡 單 來 說 ， 即 是 …
若 果 咪 即 是 公 ， 若 果 咪 即 是 字
永 遠 未 有 中 心 噉
中 心 噉 或 然 率 即 是 零
等 我 零 試 試 看
你 給 我 鬆
我 成 咯 人 響 大 酒 店 吃 晏
我 好 忙 話
我 們 倆 請 你 吃 兜 雜 面 再 斟 盞 咯
我 靠 ！ 我 一 秒 鐘 幾 十 萬 …
幫 你 們 吃 雜 便 ？
這 位 即 是 我 六 師 弟 ， 綽 號 輕 功 水 上 飄
這 位 為 著 名 足 球 教 練 鋒 哥
鋒 哥 ， 你 好
乜 飄 ？
輕 功 水 上 飄
輕 先 生 ， 你 好
師 兄 ， 你 若 果 上 去 踢 球 咩 ？
為 丫
若 果 加 上 你 身 輕 如 燕 水 上 飄 坐 陣
我 們 落 中 二 路 噉 攻 擊 可 說 是 毫 無 破 綻
你 正 一 噉 實 ？ , 為
盞 ， 請 問 有 沒 有 特 效 減 肥 藥 ？
廢 噉
我 為 感 冒 茵 入 腦 下 垂 ， 沒 得 減 咯
自 從 師 父 過 世 之 後 ， 我 咪 噉 肥
現 在 別 說 輕 功 咯 ， 諗 鬆 快 點 都 不 行
胖 是 胖 了 點 ， 不 過 阻 滯 咪 大
算 啦 算 啦
你 看 看 我 舊 時 噉 嘜 頭
自 從 變 成 噉 子
連 妞 都 淥 不 到
這 種 心 情 你 們 咪 覺 醒 噉
我 覺 醒 ， 我 又 何 嘗 咪 呢 ？
咪 丫
報 紙 雜 誌 講 話 你 很 多 女
乜 報 紙 雜 誌 ？
對 不 起 ， 我 又 說 錯 說 話 咯
自 從 有 咯 這 個 病 之 後 ， 我 經 常 失 控
你 不 用 管 我 ， 你 鬆 啦
師 弟 師 弟
幫 自 己 點 信 心 ， 你 行 噉
現 在 大 家 都 稱 做 我 豬 肥 膘
唯 有 你 稱 做 我 師 弟
有 心 有 心
豬 肥 膘 ， 挐 我 把 上 面 紅 色 廁 紙 搦 下 來
為 紅 色 那 捲
踢 球 ？
為 丫 ， 二 師 兄
你 當 年 噉 旋 風 地 堂 腿 若 果 用 來 整 後 衛
我 敢 肯 定
毫 無 破 綻 嘛
沒 錯 沒 錯
話 我 現 在 呢 德 性 ， 抑 或 旋 風 地 堂 腿 咩
生 疏 少 少 沒 關 係
只 要 有 鬥 志 ， 武 功 一 定 會 回 來 噉
為 咩 ？
不 過 前 輪 我 看 見 你 還 在 洗 馬 桶
點 好 好 噉 又 轉 做 洗 碗 呢 ？
幫 乜 ？
這 個 阻 滯 我 仲 想 問 ， 我 仲 咪 覺 醒
幫 乜 我 老 爸 咪 李 嘉 誠 ？
幫 乜 我 長 到 噉 型 ， 但 若 果 掉 頭 派 ？
你 們 倆 長 噉 醜 ， 咪 咪 掉 頭 派 ？
幫 乜 人 家 小 時 候 有 書 讀
而 我 小 時 候 就 要 比 我 老 爸
監 我 練 乜 爛 鬼 武 功 ？
練 落 現 在 洗 馬 桶 ！ 洗 碗 ！ ？
師 兄 ， 你 冷 靜 些 少
其 實 運 為 上 手 響 自 己 手 中 噉
冷 靜 ？ 若 果 不 夠 冷 靜
我 一 刀 砍 死 你 們 兩 個 王 八 蛋 咯
冷 靜 ？
媽 個 巴 子 ！ 噉 有 空 坐 著
聞 到 臭 咪 臭 丫 ？
曉 回 來 還 有 臭 味 ， 你 給 我 舔 乾 淨
這 個 地 頭 不 錯 呀
五 臟 俱 全 呢
想 不 到 你 這 個 垃 圾 佬
居 然 做 得 響 五 十 九 樓 日 臺 住 “ 閣 樓 ”
盞 有 世 界 品 味 丫
現 在 這 種 單 位 好 搶 手 噉
我 抄 咯 好 耐 都 抄 不 到
即 是 這 個 冷 氣 槽 有 點 嗌
沒 關 係 沒 關 係
響 你 這 兒 幾 隔 個 房 間 行 不 行 ？
算 啦 算 啦
你 那 些 師 兄 弟 沒 個 像 樣 噉
不 來 就 算 啦 ， 再 試 抄 其 他 人 啦
都 怪 我 難 ， 講 話 不 動 他 們
不 好 噉 講 話 咯
你 噉 信 任 我 這 個 瘸 子
我 好 多 得 你
我 會 響 最 短 噉 檔 期 裏
將 你 們 訓 練 成 為 足 球 員
故 此 你 們 若 果 嚴 肅 認 真 ， 團 結 向 上
覺 醒 啦
踢 球 踢 球
你 聽 我 說 好 難 ？
你 企 響 我 噉 立 場 ， 你 曉 點 ？
即 是 嘛
等 等 ， 我 有 電 話 進 來
波 掉 下 來 啦
你 終 於 下 來 咯 咩 ？
等 我 們 等 咯 一 個 多 點 鐘
幹 什 麼 丫 ？
踢 球 踢 球
波 響 另 一 邊 丫
你 ， 企 過 來
你 響 這 兒 踢 球 給 我 看 看
可 是 波 響 另 一 邊
即 是 嘛 ， 你 仲 知 道 波 響 另 一 邊
你 連 球 都 沒 拿 到 ， 搓 乜 丫 ？
其 實 踢 球 不 外 乎 四 個 基 本
傳 ， 停 ， 纜 ， 射
我 覺 醒 ！ 你 別 動 ！
你 們 若 果 運 基 本 做 起
你 噉
控 制 住
集 中 精 神
交 ！ 交 ！ 帶 球 ！
你 若 果 走 位 才 做 得 丫
這 些 假 動 作 做 得 再 試 假 點 …
你 咪 上 下 咯 ， 挺 假 噉
假 點 ， 再 試 假 點
教 練 ， 幫 乜 不 讓 我 練 球 ？
你 噉 腳 力 太 過 大
事 關 你 整 不 到 收 放 自 如
每 次 都 把 波 搓 上 天
萬 一 把 飛 機 抌 下 來 你 賠 得 起 咩 ？
賠 不 起 , 即 是 嘛
肥 仔 聰 ， 借 你 噉 雞 蛋 搦 搦
乜 ？
你 能 將 雞 蛋 學 控 球 噉 控 好 再 說 啦
盞 丫 ， 零 ！ 零
有 難 度 噉
靠 ！ 算 了 吧 ， 六 師 弟
我 噉 春 ！ 我 噉 春 …
總 有 一 天 ， 我 把 春 還 給 你 噉
還 你 的 頭 ！
把 春 還 給 我
不 好 分 心 ， 繼 續
春 丫 ！
前 面 ！ 真 …
好 盞 …
跟 住 ！
真 …
好 盞 …
盞 ！ 上 去 ！
防 守 噉 若 果 釘 緊 些 少 ！
咪 等 人 射 球 ！
射 噉 那 個 用 點 力 丫 ！
我 仲 擋 落 啦 ！
勢 犀 利
佢 一 個 人 搓 就 行 了
足 球 ， 咪 一 個 人 咪 做 得 搓 噉
比 賽 三 十 分 鐘 ， 中 場 沒 抖
各 樣 依 足 國 際 球 例
我 整 球 證 ， 大 家 沒 意 見 啦 ？
不 好 戇 咯 ， 當 年 人 稱 黃 金 右 腳 噉 鋒 哥
今 天 帶 些 年 青 人 零 幫 我 們 踢 場 友 誼 賽
你 還 做 球 證 ， 為 我 們 噉 榮 幸
大 家 叫 鋒 哥 ！
鋒 哥 ！
盞 咯 …
這 個 年 青 人 之 前 孖 你 噉 隊 員 有 點 衝 撞
故 此 打 算 搓 一 場 球 賽 ， 切 磋 一 番 球 技
舊 時 噉 恩 怨 咪 一 筆 勾 消 啦
他 們 好 有 誠 意 噉
運 他 們 齊 噉 制 服 、 友 善 噉 眼 神
我 完 全 感 受 落 那 份 誠 意 孖 體 育 精 神
多 謝 ！
大 家 不 好 緊 張
我 本 身 為 一 個 巴 士 維 修 員
這 個 扳 子 為 我 用 來 落 螺 絲 搦 噉
好 合 理 啦 ？
為 丫
正 如 我 剛 才 所 說
我 身 幫 一 個 巴 士 維 修 員
有 個 錘 響 身 邊 仲 很 合 邏 輯
做 得 咯 … 你 們 球 隊 噉 作 風
響 業 餘 界 為 好 起 名 噉
我 完 全 覺 醒
那 些 只 不 過 虛 名 而 己
咪 好 似 浮 雲 一 祥
盞 咯 … 大 夥 小 心 點
大 家 握 握 手
好 球 ！
救 命 …
三 師 兄 ！
呼 叫 基 地 ， 突 然 間 食 密 集 火 力 攻 擊
要 求 就 來 增 援 …
要 求 就 來 增 援 ！
起 來 起 來
起 來 ！
快 點 起 來 ！
快 點 起 來 ！
你 幹 什 麼 ？
他 們 賴 皮 丫 ， 教 練
快 點 吹 哨 丫 ！
我 為 球 證 ， 我 咪 吹
那 為 乜 意 思 ？ 若 果 我 們 上 去 送 死 咩 ？
你 ， 出 場 ！
你 癲 啦
這 是 一 個 考 驗
若 果 他 們 連 這 一 關 都 過 不 到
以 後 咪 不 好 再 說 踢 球 啦
呢 不 過 為 踢 球 ， 你 以 幫 打 仗 咩 ？
真 正 噉 比 賽 ， 即 是 打 仗
投 降 啦 ！ 投 降 啦 ！
投 降 啦 ！ 我 投 降 啦 ！
我 投 降 啦 ！
你 敢 零 抄 我 比 賽
現 在 未 見 進 球 你 咪 諗 撤 退
呢 咪 惹 我 嬲 咩 ？
我 不 行 咯 ， 我 噉 腰 快 斷 咯
我 求 你 可 憐 可 憐 我
等 我 上 去 話 醫 生
戴 頭 上
幾 十 歲 噉 人 ， 你 話 你 幾 賤
你 沒 尊 嚴 ？
我 不 想 看 見 你
快 點 戴 上 它 ， 然 後 上 去 話 醫 生
我 為 好 賤 ， 我 沒 尊 嚴 ， 拿 來
大 師 兄 回 來 咯
你 講 話 乜 ？
我 覺 落 ， 通 通 回 來 咯
還 有 未 有 傢 伙 ？ , 未 有
幹 掉 他 們 ！
這 都 不 進
救 命 話
全 靠 你 ， 我 們 纔 有 發 揮 噉 機 會
歡 迎 各 位 師 兄 弟 歸 位 ！
有 心 你
你 們 不 用 客 氣
我 要 謝 謝 你 們 大 家
這 次 我 撈 起 啦 ！ 多 謝 …
我 們 認 輸 咯 ， 求 求 給 次 機 會
等 我 們 加 入 你 噉 球 隊
求 求 你 啦 …
給 次 機 會 …
噉 驚 人 噉 爆 炸 力
魔 鬼 排 搦 世 界 冠 軍 為 遲 早 噉 事
你 講 話 誰 ？
直 瘸 子 ？
幫 乜 咪 做 得 ？ , 難 意 恩 ， 先 生
小 妹 妹 ， 我 踢 球 時 你 未 見 出 世 呢
乜 難 意 恩 ？ , 我 們 負 責 人 咪 響
黃 金 右 腳 ！
你 又 響 處 丫 ？
雄 哥 ！ , , 雄 哥 ， 佢 …
做 得 咯 …
雄 哥 ， 我 諗 纜 我 噉 球 隊 零 參 賽
公 開 賽 嘛 ， 人 人 都 有 權 參 賽 噉
咪 人 人 都 有 權
我 為 委 員 會 主 席
我 講 話 有 權 ， 你 纔 有 權
覺 醒 咩 ？ , 覺 醒
你 那 隊 為 乜 排 ？
零 ， 過 來 …
叫 雄 哥 叫 雄 哥
雄 哥 ！
這 隊 直 情 為 極 品 話 ！
我 正 一 很 想 看 看
乜 名 堂 ？
這 隊 稱 做 少 林 足 …
任 …
你 快 上 去 報 名 ， 我 正 一 很 想 見 識 一 下
有 沒 有 報 名 費 ？ 我 來 付
多 謝 ， 多 謝
無 所 謂 ， 我 孖 你 為 兄 弟 嘛 ， 直 瘸 子
我 噉 鞋 又 有 點 邋 遢 咯
白 色 容 易 邋 遢
那 應 該 點 算 呢 ？
我 挐 你 擦 …
清 潔 我 拿 手 ， 等 我 零
粗 活 我 來 …
等 我 零 …
哈 哈
你 幹 嘛 ？
你 為 誰 ？
你 若 果 帶 我 去 邊 ？
你 幹 嘛 咪 講 話 ？ 我 返 咯
點 這 麼 久 ？
對 不 起 ， 等 一 番 咪 盞 ， 很 快
試 試 看 試 試 看
咪 … 我 為 看 用 乜 材 料 佢 噉
那 摸 摸 話
曉 把 它 弄 髒 噉
沒 關 係 ， 零 , , 咪 …
摸 啦 ， 零 … , , 不 用 咯
點 ？ , 幾 滑 噉
我 送 給 你 , 摸 咯 咪 做 得 咯
我 告 訴 你 ， 我 明 天 若 果 上 去 踢 足 球 咯
為 咩 ？
我 一 定 會 紅 透 半 邊 天 噉
但 若 果 當 時 未 有 你 挐 我 把 這 雙 鞋 補 盞
可 能 我 咪 咪 踢 球 咯
你 真 我 幾 重 要 ， 你 知 道 咩 ？
你 歡 喜 乜 全 告 訴 我
我 很 快 咪 做 得 送 給 你 咯
你 若 果 紅 了 ， 咪 載 我 一 雙 球 鞋 啦
這 個 太 過 沒 阻 滯 咯
但 是 我 見 你 仲 應 該 有 點 自 信
其 實 你 很 漂 亮 噉 ， 武 功 又 高 強
直 情 為 十 足 丫
但 是 你 不 好 韌 把 頭 髮 擋 住 自 己 嘛
零 …
零 啦 ， 看 著 我 … , 不 好 …
看 著 我
你 話 ， 幾 靚
正 一 咩 ？
正 一 咩 ？
為 蒼 蠅 咩 ？
為 ， 未 見 打 到
打 到 咯 咩 ？
打 到 咯
對 不 起 ， 把 你 噉 手 都 弄 髒 了
無 事 無 事
你 為 最 靚 噉 ， 知 道 咩 ？
你 知 道 咩 ？
知 道 ， 知 道 咯
我 正 一 好 多 得 你 丫
你 知 道 咩 ？
你 上 去 邊 啦 ？
你 應 承 挐 我 洗 噉 ， 才 等 你 帶 妞 來 威 風
別 看 噉 耐 ， 背 黑 鍋 咯 ， 快 幹 活
你 住 鬆 啦 ， 我 再 試 抄 你
盞 啦 ？
若 果 有 自 信 ， 你 為 最 好 噉 ， 知 道 咩 ？
我 歡 喜 你 噉 衫 褲 丫
我 歡 喜 你 噉 襪
不 如 我 們 交 換 穿 , 盞 …
別 玩 啦 臭 小 於 ， 沒 見 過 大 場 面 咩 ？
放 鬆 點 ， 咪 學 平 時 練 球 一 式 就 行 了
一 陣 曉 有 很 多 觀 眾 孖 記 者
真 記 者 ， 記 著 若 果 笑
等 他 們 幫 我 們 拍 照
孖 羣 眾 熱 情 打 招 呼 ， 多 謝 大 家 噉 支 持
多 謝 …
多 謝 ！
多 謝 你 們 噉 支 持 ！
多 謝 ！
為 掃 地 噉
掃 地 噉 咪 觀 眾 咩 ？
多 謝 你 們 ！
不 好 嗌 啦 ！
這 場 子 噉 小 還 空 空 噉 ， 你 咪 講 話 …
週 邊 賽 為 噉 噉 啦
故 此 我 們 若 果 努 力 ， 踢 入 決 賽
盞 ！ 踢 入 決 賽 ！ , 不 好 嗌 啦 ！
少 林 足 球 隊 …
話 這 個 ， 話 這 個
話 那 個 ， 話 那 個
幹 什 麼 ？
咪 吸 煙 ？
幹 什 麼 ？
沒 理 由 ， 為 幻 覺
你 幹 什 麼 ？
不 用 驚 ， 全 是 幻 覺
看 來 我 們 豆 腐 金 剛 隊 要 出 真 功 夫 咯
盞 ！
你 又 幹 什 麼 ？
你 們 不 好 噉 ， 我 諗 踢 球 話
雄 哥 ， 電 話
都 為 幻 覺 ， 嚇 不 倒 我
乜 ？ 四 十 比 零 ！
盞 叻 話
進 啦 ！ 鐵 頭 功 話 ！
沒 錯 ， 我 們 學 噉 為 少 林 武 功
少 林 武 功 的 確 為 叻
我 們 好 低 調 噉 … , 還 有 …
我 要 多 謝 我 噉 父 母 孖 師 父
無 疑 他 們 已 透 過 身 咯
我 還 要 多 謝 我 噉 盞 老 友 阿 梅
阿 梅 … 為 我 丫 ， 阿 梅
你 點 ？ 吃 了 飯 未 有 ？
靚 女 ， 抄 我 丫 ？
我 諗 …
不 用 說 咯 ， 放 心 交 給 我 啦
可 不 可 以 當 場 幫 我 們 觀 眾 騷 一 番 ？
做 得 … 肥 仔 聰 ！
1 、 2 、 3 ！
盞 ！
能 咪 再 來 一 次 ？
再 來 一 次 , 做 得 大 師 兄 ， 零 …
慢 點 ， 慢 點 ， 不 用 急
各 位 師 兄 弟 ， 從 今 日 頭
我 們 若 果 幫 這 堆 爛 鞋 講 拜 拜
你 們 不 好 亂 抌 東 東 好 不 好 ？
對 不 起 …
阿 梅 ？
幹 嘛 ？
你 今 天 盞 精 靈 丫
些 少 啦
不 少 咯 ， 盞 犀 利 丫
好 看 咩 ？
告 訴 你 一 個 好 消 息
我 們 贏 了 球 賽 ， 你 知 道 咩 ？
我 知 道 ， 響 電 視 落 都 看 到 你 們 咯
恭 喜 你
送 給 你
有 心 你
我 先 介 紹 我 噉 老 友 給 你 ， 零
嘩 ！ 盞 犀 利 ！
幫 你 們 介 紹 一 個 老 友
你 為 人 抑 或 鬼 ？
她 為 自 己 人 來 噉
嫂 子 為 啦 ？ , 咪
我 常 幫 你 們 講 話 ， 整 太 極 饅 頭 噉 阿 梅 丫
即 是 她
嫂 子 為 極 品 丫
她 正 一 極 品 丫
看 得 出 來 看 得 出 來
整 塊 牀 板 放 在 肩 上 ， 我 從 來 沒 見 過
我 花 兩 個 晚 上 才 整 兩 塊
兩 塊 丫
這 麼 晚 咯 ， 你 不 好 把 嫂 子 纜 出 來 嘛
把 人 家 都 嚇 死 咯
不 怕 不 怕
做 場 法 事 ， 我 諗 無 事 啦
穩 當 點 ， 把 她 綁 起 來 扔 下 海 算 數
你 以 後 不 吃 魚 了 ？
你 們 不 好 取 笑 ， 她 為 女 孩 子 丫
沒 關 係 … 任 …
她 無 疑 為 女 孩 子 ， 但 幾 能 整 治 噉
阿 梅 ， 開 個 性 感 姿 勢 幫 大 家 看 看
還 有 未 有 ？
幹 嘛 ？ 別 碰 我
嬲 咯 ？
沒 生 氣 沒 生 氣
那 你 …
對 不 起 對 不 起
開 開 玩 笑 嘛
我 知 道 ， 開 玩 笑 嘛
對 不 起 ， 正 一 ， 我 沒 什 麼
你 不 好 噉 子 嘛
那 你 幫 乜 若 果 噉 ？
你 不 好 再 試 掂 我
老 闆 娘 …
你 搞 乜 鬼 ？ 我 剛 出 去 抌 一 會 麻 將 …
你 話 你 把 自 己 搞 到 人 咪 學 人 鬼 咪 學 鬼
你 若 果 不 要 臉 ？ 害 咪 醜 ？
夠 了 夠 了
阿 梅 歡 喜 點 有 她 自 己 噉 權 利
你 … 你 做 得 尊 重 別 人 咩 ？
我 見 她 今 天 很 漂 亮
你 講 話 她 咪 靚 ？
你 不 好 太 過 太 過
我 罵 她 關 你 們 乜 事 ？
你 們 為 乜 狗 東 西 ？
他 們 為 我 噉 老 友
他 們 講 話 噉 仲 為 我 諗 講 話 噉
我 見 我 現 在 很 漂 亮
我 仲 好 歡 喜 我 現 在 這 個 嘜 頭
你 若 果 咪 歡 喜 話 ， 你 做 得 走 開
你 知 不 知 道 自 己 響 幫 誰 出 聲 ？
我 響 幫 你 出 聲
你 為 間 未 有 人 情 味 噉 老 闆 娘
他 媽 的 他 媽 的
你 … 你 敢 抌 我 ？ , 你 …
你 造 反 啦 ！
你 以 幫 自 己 為 誰 ？
我 即 是 我
我 為 阿 梅 ！
我 … 我 告 訴 你 媽 去 ！
阿 梅 ， 盞
阿 梅 ， 我 們 只 不 過 開 玩 笑 ， 你 別 見 怪
你 先 頭 那 個 姿 勢 盞 靚 丫
正 一 咩 ？
我 見 …
我 今 天 得 意 不 像 舊 時 噉 阿 梅
為 丫
現 在 噉 阿 梅 已 為 一 個 好 有 自 信 噉 女 孩
我 諗 幫 你 說 件 事
乜 事 ？
我 歡 喜 你
我 仲 歡 喜 你 丫
那 我 們 之 間 為 愛 情 咩 ？
你 …
你 為 開 玩 笑 啦 ？
我 為 認 真 問 你 ， 正 一
那 無 疑 咪 愛 情
我 們 永 遠 都 是 盞 老 友 嘛
那 咪 更 好 咩 ？
沒 什 麼 沒 什 麼
那 … 你 以 後 仲 做 得 常 常 零 抄 我
鞋 子 破 咯 ， 我 還 做 得 挐 你 補
不 用 咯 ， 鞋 子 破 咯 ， 我 咪 把 它 扔 掉
我 們 都 若 果 向 前 看 嘛
我 永 遠 都 不 好 再 試 穿 破 鞋 子 咯
你 不 好 噉 子
幹 嘛 ？ 你 喊 咯 ？
你 不 好 噉 子
我 覺 醒 咯
有 心 你
來 來 來 ， 大 家 一 處 飲 酒 啦
嫂 子 ， 你 今 天 盞 靚
零 ， 乾 杯
贏 了 呢 一 場 ， 我 們 咪 打 入 決 賽
決 賽 決 賽
千 萬 不 好 輕 敵
輕 敵 輕 敵
我 們 玉 面 雙 飛 龍 可 不 是 浪 得 虛 名 噉
諗 入 決 賽 ， 先 問 我 們
有 沒 有 噉 快 丫 ？
吊 鋼 絲 為 啦 ？
雄 哥 ， 更
更 ！
零 ， 過 來 坐
你 這 臭 小 於 ， 手 勢 仲 真 不 錯
居 然 等 你 找 到 這 隊 絕 活
過 獎 ， 過 獎
其 實 你 那 些 乜 鐵 頭 功 、 心 口 碎 大 石
通 通 為 三 腳 貓 噉 功 夫
居 然 做 得 打 入 球 場
有 兩 下 子 ， 不 錯
閒 話 少 說 閒 話 少 說
決 賽 那 天 別 踢 咯 ， 全 隊 過 來
這 次 可 不 是 空 頭 支 票
你 做 得 兌 咯 現 金 再 簽 合 約
噉 大 筆 數 目 …
正 一 打 斷 腳 都 花 咪 完
無 疑 ， 我 孖 你 為 兄 弟 嘛
謝 咯 ， 雄 哥
但 是 ， 我 怕 受 不 起
乜 意 思 ？ 你 以 幫 我 會 驚 你 ？
我 話 你 那 隊 有 點 意 思 ， 諗 一 齊 搞 大
做 人 若 果 心 胸 廣 闊 ， 向 前 話
不 好 韌 記 仇 ， 盞 咩 ？
雄 哥 ， 我 正 一 沒 記 仇
後 生 時 不 懂 事 ， 一 切 都 是 因 果 報 應
你 少 給 我 裝 蒜
我 更 把 你 看 透 咯 ， 你 曉 咪 貪 ？
正 一 等 你 看 透 咯
不 單 是 我 ， 我 整 隊 人 都 貪
但 是 咪 這 張 支 票
為 全 國 冠 軍
球 場 見
等 等 ！ 等 等 ！ 有 心 …
阿 梅 阿 梅
直 掉 啦 ！
她 點 直 噉 ？
比 我 打 死 噉 ！
我 不 信 ！
阿 梅 武 功 噉 盞 ， 憑 你 打 死 她 ？
她 實 行 直 到 好 屈 噉
那 你 諗 點 ？
我 要 挐 她 報 仇
戇 啦 ， 我 幫 你 開 玩 笑 噉
她 沒 直 不 過 她 咪 響 這 兒 整 咯
幫 乜 ？
我 們 這 兒 明 稱 做 “ 甜 響 心 饅 頭 ” 嘛
咪 知 道 那 個 傻 丫 頭 幫 乜 突 然 間
整 噉 饅 頭 又 苦 又 鹹
客 人 都 不 來 咯
我 仲 為 被 迫 才 炒 她 噉 丫
又 苦 又 鹹 ？
為 丫
這 位 大 俠 貴 姓 ？ 抄 她 有 乜 事 ？
無 事 咯
檔 期 上 下 啦
老 闆 ， 今 天 打 算 中 幾 多 波 ？
贏 不 實 行 非 若 果 進 球
我 還 有 仲 刺 激 噉 方 法
咪 可 能
想 不 到 美 國 這 種 新 藥 噉 犀 利
還 有 球 證 、 旁 證 …
加 上 搞 、 協 辦 各 樣 噉 單 佐
通 通 為 我 噉 人
點 孖 我 鬥 ？
沒 阻 滯 ！
好 棒 ！ , , 太 棒 啦
太 神 啦
界 外 球 界 外 球
當 頭 踢 過 去 直 情 為 蓄 意 傷 人
你 判 界 外 球 ， 點 整 球 證 噉 ？
強 雄 ， 你 為 踢 球 抑 或 打 人 ？
我 為 打 人 ， 點 ？
我 要 把 你 全 隊 噉 人 抌 到 學 你 一 式 殘 廢
殘 廢 ！ 殘 廢 …
幫 我 鬥 ？
難 意 恩 各 位 ， 我 要 歇 一 會 咯
不 要 緊 噉 ， 你 只 不 過 人 離 開
精 神 永 遠 都 曉 響 處
通 通 借 ！ 我 來
六 師 弟
有 沒 有 搞 錯 ？ 噉 子 都 咪 吹
上 半 場 已 經 搓 到 半 死 咯
下 半 場 仲 點 搓 丫 ？
回 家 吧 ！ 下 半 場 沒 得 搓 啦 ！
沒 什 麼 好 看 噉 啦
若 果 不 好 一 會 我 下 去 跳 舞 撐 撐 場 面 ？
跳 舞 仲 輪 不 到 你 跳 ， 我 跳 ！
你 們 這 羣 水 魚
借 借
你 們 實 行 不 想 搓 咯 ！
誰 丫 ？ 誰 丫 ？
有 沒 有 人 見 到 ？
有 種 當 我 面 抌 我 ！
別 太 使 勁 咯
我 夠 賴 皮 咯 ， 他 們 過 我 還 下 流
想 不 到 我 鐵 頭 功 一 世 英 名
臨 老 比 人 開 了 花
豈 有 此 理 ， 我 早 就 知 道 強 雄 會 出 陰 招
想 不 到 佢 整 治 到 噉 太 過
魔 鬼 排 沒 噉 犀 利
實 為 抌 了 針 抑 或 吃 了 藥
報 警 把 他 們 抓 起 來 ！
我 不 管 他 們 吃 咯 乜
我 們 都 若 果 盡 力 踢 下 去
後 尾 我 們 一 定 會 贏 的 ！
我 家 突 然 著 火 咯 ， 我 住 鬆 咯
對 不 起 ， 我 媽 突 然 早 產
我 實 行 若 果 返 幫 手
拜 託 稱 做 你 媽 晚 點 早 產
波 搓 咯 一 半 點 做 得 鬆 呢 ？
這 哪 是 踢 球 ？ 要 命 噉 ！
拜 託 ， 我 求 求 你 不 好 鬆 丫
我 求 你 ， 你 咪 要 求 我 咯
等 我 鬆 啦
冷 靜 點 …
冷 靜 點 ！
沒 錯 ， 佢 說 得 對
無 論 任 何 情 況 我 們 都 若 果 搓 完 這 場 比 賽
現 在 我 們 只 剩 下 八 個 人
若 果 再 有 任 何 人 受 傷 離 場
這 場 波 我 們 就 會 輸 咯
他 們 噉 殺 人 射 球 ， 我 們 實 行 若 果 頂 住
點 頂 ？ 你 頂 一 球 我 頂 三 球 ？
你 講 話 乜
冷 靜 點 …
冷 靜 點 ！
別 吵 啦
咪 知 道 我 能 咪 頂 住 ？
少 林 羅 漢 朕
擺 陣 丫 ？
不 堪 一 擊 不 堪 一 擊
頂 得 住 咩 ？ , 頂 得 住
阿 珍 阿 珍
田 雞 ？ , , 為 丫
呢 二 十 年 零 …
有 句 說 話 一 路 埋 響 我 心 裏
其 實 … 我 愛 你
我 們 噉 是 不 是 有 點 殘 忍 ？
咪 , 咪 ？
那 咪 再 試 殘 忍 些 少
兄 弟 ， 落
咪 啦 ？
小 心 點 ！ 兩 個 落
盯 住 丫
有 沒 有 搞 錯 ？
繼 續 ！ 你 直 咯 未 有 ？ 咪 裝 蒜 啦
這 都 棍 咪 倒 你 丫 ？ 無 事
檔 期 不 多 咯 ， 出 絕 招
絕 招 ？
早 就 稱 做 你 回 家 咯
還 在 這 兒 給 我 拖 延 時 間
還 在 這 兒 給 我 拖 延 時 間
少 林 排
你 們 現 在 只 剩 下 七 個 人
若 果 你 們 未 有 後 備 球 員 上 場
我 就 要 正 式 終 止 這 場 比 賽
判 你 們 少 林 隊 輸 咯
還 有 未 有 屘 補 ？
恭 喜 … 有 心
還 有 我
我 為 少 林 排 噉 屘 補
我 來 當 龍 門
你 怎 麼 弄 到 幫 外 星 人 一 式 ？
我 咪 剪 頭 髮 ， 剃 光 咯 較 為 快 點
你 零 幹 什 麼 ？
我 諗 挐 你 們 比 賽
你 點 挐 丫 ？
你 快 點 返 火 星 啦
地 球 為 好 險 噉
我 正 一 好 諗 挐 你 丫
你 相 信 我 ， 等 我 試 一 下 啦
不 行 ！ , , 正 一 ， 你 看 看 …
你 噉 鞋 都 破 咯
穿 這 個 啦
響 另 一 邊
落 落
盞 ！
小 心 話 ！
點 曉 噉 ？
點 曉 這 祥 ！
老 闆 ， 你 小 心 丫
我 細 小 你 老 母
老 闆 老 闆
老 闆 …
少 林 精 神 戰 勝 魔 鬼 勇 奪 全 國 足 球 冠 軍
魔 鬼 排 服 用 禁 藥 終 生 停 賽
班 主 強 雄 入 獄 五 年
停 車 ！ 等 等 ！
覺 醒 咩 ？
你 響 整 乜 ？ 你 們 響 處 幹 什 麼 ？
咪 知 道 丫
咪 知 道 ？ 我 剛 才 講 話 到 好 明
埋 散 開 ， 散 開
救 命 丫 ， 救 命 丫
你 好 叻 丫 ， 幫 乜 你 噉 本 事 ？
你 別 靠 噉 近 ， 喂 …
喂 …
直 咯 ？
為 丫 ， 直 咯 ， 直 咯
Sir Sir
Sir Sir
報 告 ， 任 務 已 經 順 利 完 成
周 星 星 ， 你 噉 手 下 呢 ？
通 通 直 咯
我 們 若 果 噉 為 指 揮 官 ， 為 團 隊 合 作
咪 獨 行 獨 斷 ， 咪 Rambo
報 告 ， 人 質 已 經 順 利 獲 救
拯 救 行 動 只 不 過 這 次 考 試 噉 其 中 一 個 項 目
最 重 要 噉 為 你 部 下 噉 安 全
孖 你 噉 領 導 料 ， 但 是 我 些 少 仲 看 不 到
Sir ， 幫 一 次 機 會 啦
你 整 乜 ？
你 整 乜 ？
不 好 丫
Sir ， 請 求 你 再 試 恁 多 一 會 兒 ， 盞 咩 ？
喂 ， 誰 丫 ？
為 為
Yes   Sir ， 上 頭 想 見 你
Yes   Sir
更 ， Sir ， 周 星 星 報 落
活 該 ， 仲 噉 青 靚 白 淨
轉 個 圈 給 阿 Sir 看 看 ， 不 用 害 羞 ， 零 話
情 不 自 禁 ， 正 一 不 好 意 思
諗 不 想 升 職 ？
我 不 想 整 鴨 ， Sir
我 問 你 諗 不 想 升 職
我 為 咪 整 鴨 噉
答 非 所 問 ， 我 問 你 諗 不 想 升 職 丫
諗 ， 但 是 我 為 咪 出 賣 自 已 噉 貞 操
誰 若 果 你 噉 貞 操 ， 我 要 你 噉 青 春
青 春 對 於 我 來 說 孖 貞 操 一 式 噉 重 要
做 得 咯 … 我 知 道 咯 ， 你 住 聽 我 說 完
這 件 事 是 噉 噉
有 一 日 有 班 學 生 零 警 署 參 觀
參 觀 完 之 後 ， 咪 發 覺 不 見 咯 一 支 槍
失 槍 事 件 經 常 都 有 發 生 嘛 ， Sir
但 是 ， 呢 支 槍 為 我 噉
我 正 一 幫 你 傷 心
你 知 道 咪 盞 ， 呢 支 槍 陪 咯 我 三 十 幾 年
一 槍 都 未 曾 開 過 ， 只 不 過 用 來 抓 癢
傾 起 來 都 有 點 痕 咯 ， 零 ， 挐 我 抓 抓
- 背 脊 為 咩 ？ , - 為
它 直 情 為 一 枝 善 良 噉 炮
炮 仲 有 善 良 噉 ？
它 本 性 善 良 ， 但 是 最 怕 拉 響 壞 學 生 身 上
咪 疏 不 免 曉 濫 殺 無 辜 ， 塗 炭 生 靈
放 心 啦 ， Sir
我 實 行 摷 起 成 間 學 堂
直 至 挐 你 找 回 那 支 失 槍 為 止
摷 到 起 還 用 到 住 抄 你 丫
我 快 退 休 咯 ， 現 在 不 見 咯 那 支 槍
等 人 知 道 ， 我 還 用 見 人 咩
故 此 若 果 你 混 入 那 間 學 堂 裏
Sir ， 教 書 我 未 有 信 心
沒 人 稱 做 你 扮 教 師 ， 扮 學 生 而 已
扮 學 生 ？
我 當 年 即 是 事 關 最 嬲 讀 書 ， 才 加 入 警 隊
我 咪 做 得 扮 學 生 丫 ， Sir ， 你 噉 整
等 於 帶 我 去 一 個 充 滿 毒 蛇 猛 獸 火 山 口 上 面
不 理 我 噉 哭 叫 ， 不 理 我 噉 哀 號
狠 狠 噉 、 毫 無 憐 憫 噉 ， 用 腳 一 伸 將 我 …
推 下 去 火 紅 噉 巖 漿 裏
你 噉 整 又 於 心 何 忍 呢
這 不 更 好 ， 等 你 活 得 豐 富 ， 死 得 精 彩
你 不 用 說 ， 吟 詩 仲 吟 咪 掉 噉 咯
這 兒 有 個 傳 呼 機 手 錶 ， 你 帶 上 它
見 到 「 6 6 6 」 ， 即 是 我 抄 你
還 有 ， 傾 一 次 「 更 ， Sir 」 給 我 聽 聽
更 ， Sir
好 盞
記 住 千 萬 別 等 人 知 道 ， 不 然 一 鍋 熟 咯
看 看 你 們 仲 敢 不 敢 遲 到
話 乜 話 ？
「 校 規 」
不 用 話 咯 ， 遲 點 咪 來 得 背 咯
這 個 咪 即 是 新 來 那 個
又 大 隻 ， 正 大 舊 衰 ， 哪 班 噉 ？
曉 咪 為 我 們 一 班 噉
我 諗 咪 啦
周 星 星 ， 我 為 這 間 學 堂 噉 訓 導 主 任 林 作 棟
有 蚊 子 丫
你 為 英 倫 中 學 轉 過 零 噉
那 兒 只 出 垃 圾 ， 不 知 所 謂
我 不 管 你 家 裏 幫 校 董 曉 有 乜 關 係
我 們 愛 丁 堡 為 最 好 噉 學 堂 ， 出 最 好 噉 學 生
我 咪 得 容 忍 有 害 羣 之 馬
你 若 果 不 聽 話 ， 我 咪 拍 你 出 校
明 未 有 ？
Yes   Sir
好 得 意 咩 ？ 纜 佢 進 課 室
幫 我 返 課 室
度 響 1 9 8 7 年
有 一 項 南 極 上 空 進 行 噉 觀 察
咪 證 實 咯 南 極 上 空 出 現 咯 一 個 臭 氧 洞
強 烈 噉 紫 外 光 對 於 生 物 為 有 害 噉
輕 則 令 到 生 物 噉 遺 傳 基 因 發 生 突 變
重 則 曉 殺 死 比 照 射 噉 細 胞
植 物 亦 因 而 枯 萎
紫 外 光 亦 做 得 透 射 入 深 海
我 無 自 由 ， 失 自 由 ， 傷 心 痛 心 眼 淚 流
你 說 話 行 錯 路 ， 我 叉 錯 步 ， 此 餐 心 傷 透
誰 敢 襲 警 ？
乜 丫 ？ 襲 乜 警 呀 ？
你 丫 ， 把 粉 刷 搦 出 來
我 不 管 你 新 來 噉
落 我 堂 縱 橫 四 海 咁 幹 什 麼 ？
老 師 有 自 尊 噉 ， 上 堂
盞 啦 ， 我 們 現 在 講 到 大 氣 層
大 氣 層 做 得 分 很 多 浸
「 忍 一 時 風 平 浪 靜 」
「 退 一 步 海 闊 天 空 」
最 接 近 地 下 那 層 ， 我 們 稱 之 為 對 流 層
響 地 下 真 落 一 萬 五 千 至 五 萬 公 尺 高 空
我 們 又 稱 之 為 停 留 浸
「 明 代 刑 法 」
明 代 最 講 刑 法 ， 一 律 若 果 嚴 刑 對 待
尤 其 為 欺 君 犯 上 、 糾 黨 結 社 、 潛 偽 窺 私
黃 小 龜
鄭 Sir ， 到 底 乜 稱 做 潛 偽 窺 私 ？
潛 偽 ， 即 是 現 在 噉 臥 底
俗 語 所 謂 噉 二 五 仔
這 種 人 ， 為 要 行 宮 刑 噉
宮 刑 ？
切 那 話 兒 丫 ， 小 朋 友
切 幾 多 丫 ？
那 要 話 你 有 幾 多 咯
又 纜 錯 書 咯 ， 勢 沒 心 肝
勢 沒 心 肝
乜 聲 ？
這 位 同 學 ， 先 頭 幸 虧 有 你 ， 出 來 幫 幫 我 忙
零 … 快 點 …
活 該 活 該
那 位 同 學 ， 笑 到 噉 開 心 ， 你 仲 出 來
零 …
你 稱 做 乜 名 字 ？
周 星 星 周 星 星
你 呢 ？
黃 小 龜
你 稱 做 乜 名 字 ？
周 星 星 丫
你 呢 ？
黃 小 龜
這 位 同 學 ， 稱 做 乜 名 字 ？
周 星 星 周 星 星
現 在 我 們 頭 咯 ， 周 星 星 同 學
現 在 我 們 這 個 實 驗 比 較 複 雜
我 們 實 行 若 果 記 住 每 一 個 步 驟
若 果 沒 心 肝 ， 咪 好 險 噉 咯
對 不 起 ， 你 講 話 這 個 實 驗 最 大 多 為 …
心 肝 心 肝
要 不 然 咪 曉 …
好 險 丫
停 停
下 來 丫
你 ， 走 開
請 你 住 下 來
你 整 乜 ？ 你 為 誰 丫 ？ 關 你 乜 事 丫
請 你 等 一 等 ， 下 去 啦
你 屙 我 下 來 乜
你 現 在 企 響 我 肚 皮 落
咪 鬆 丫 ， 自 已 人 ， 有 密 碼 噉
密 碼 ？
雞 , , , 龜 , , , 骨 , , , 轆 , , , 匙
又 講 話 為 密 碼 ？
雞 , , , 龜 , , , 骨 , , , 轆 , , , 匙
乜 丫 ？ 密 碼 丫
糟 咯 ， 沒 一 個 正 常 ， 這 兒 ， 別 擋 住 我
咪 爬 出 去 ， 你 咪 做 得 運 這 兒 爬 出 去 噉
你 咪 得 運 這 兒 爬 出 去
OK … 我 運 正 門 出 去
正 門 仲 不 行 …
幹 什 麼 ？
沒 什 麼 … 這 位 同 學 突 然 戇 咯
為 丫 ， 我 戇 咯 ， 我 諗 回 家 丫
幹 什 麼 ？
對 不 起 ， Sir
別 擋 住 我 ， 有 心
等 一 等 ， 有 心
請 你 等 一 等 ， 我 諗 鬆
你 無 事 啦 ？
我 好 咪 滋 味 ， 我 諗 回 家
請 你 等 開 點 ， 等 條 路 給 我 鬆 ， 有 心
你 咪 滋 味 丫 ？
為 為
跟 我 來 啦
看 看 有 沒 有 發 燒
你 沒 燒 丫
有 丫
未 有 ， 你 自 已 看 看
這 支 探 熱 針 為 未 有 ， 但 是 我 有 嘛
我 盞 悽 涼 ， 正 一
你 等 我 看 看 眼 晴
向 下 望
向 上 丫
向 左 丫
你 眼 珠 咪 動 噉 ？
發 燒 丫 ， 動 不 到
你 詐 病 啦 ？
我 為 何 老 師 ， 我 咪 教 你 一 班 噉
但 是 我 負 責 你 們 更 噉 輔 導 工 作
你 現 在 先 回 課 室
有 乜 阻 滯 ， 隨 時 零 抄 我 ， 乖 啦
是 不 是 一 個 咪 小 心 掉 咯 你 噉 筆 盒 ， 就 惱 咯
咪 丫 … 難 丫 …
我 現 在 好 怕 丫
那 這 次 賠 幾 多 銀 紙 丫 ？
我 點 知 道 ， 看 看 你 噉 表 現
唯 有 三 百
我 不 怕 咯
若 果 等 我 知 道 你 身 上 還 有 銀 紙
我 咪 咪 抌 你 噉 筆 盒 ， 扔 掉 你
知 道 咯
盞 咯 … 救 星 落 咯
你 別 誤 會 ， 我 咪 挐 你 ， 仲 咪 挐 你
更 加 咪 你 噉 救 星 ， 千 萬 若 果 弄 清 楚 纔 盞
你 行 ， 你 噉 醜 樣
以 後 他 們 只 不 過 掛 著 蝦 你 ， 咪 蝦 我 咯
有 心 咯
周 Sir ， 我 記 得 密 碼 咯
密 碼 為 東 凍 凍 東 東 ， 為 咩
- 正 一 你 丫 , - 為 丫
早 餐 講 話 嘛
先 頭 我 咪 記 得 密 碼 嘛
周 Sir
我 為 CID5798 ， 我 為 派 來 接 應 你 噉
你 手 震 先 回 家 抖 一 陣
咪 ， 咪 手 震 ， 為 柏 金 遜 病
我 扮 噉 ， 噉 子 不 用 整 噉 多 事
周 Sir ， 上 頭 稱 做 你 住 上 去 我 家 裏 住
咬 住 棒 子 有 乜 意 思 ？
戒 煙 戒 煙
喂 … 何 老 師 ， 你 別 妄 想 丫
她 男 友 為 反 黑 組 幫 辦 ， 知 道 咩 ？
你 講 話 乜 ？
乜 ？
我 為 話 坐 在 欄 杆 落 叼 著 煙 那 小 子
Johnny 仔 是 咩 ？
點 ？
畢 架 山 四 虎 噉 大 哥
佢 大 哥 好 犀 利 噉 ， 叫 做 大 飛
老 大 失 槍 哪 件 事 ， 佢 嫌 疑 最 大
盯 住 ， 盯 住 佢
鬆 鬆
大 哥 大 哥
你 呢 混 蛋 ， 出 這 個 餿 主 意
大 哥 大 哥
現 在 比 人 追 數 ， 利 疊 利 丫
走 粉 咪 走 粉 ， 搞 乜 走 私 軍 火 嘛
你 講 話 ， 伊 拉 克 打 仗 ， 軍 火 做 得 賺 仲 幾 銀 紙 嘛
那 你 勸 我 嘛
現 在 搦 住 AK47 ， 都 不 知 幹 什 麼
手 槍 仲 做 得 打 劫
Johnny 仔 來 咯 咩 ？
咪 早 餐 幫 我 講 話
呢 小 子 好 沙 塵
沙 塵 ？ 有 錢 無 疑 沙 塵 啦 ， 你 有 錢 仲 做 得 噉
零 咯 ， 進 來 啦
喂 ， 風 水 魚 呀 ， 別 搞
有 怪 莫 怪
點 ？
你 現 在 好 沙 塵 話
放 心 啦 ， 我 阿 爸 上 去 咯 遊 埠
車 子 落 咯 深 圳 佢 都 還 沒 回 來
看 看 啦
為 丫 ， 順 便 把 我 大 哥 那 兩 部 車 賣 噉 錢 給 我
人 家 過 數 咯 我 料 給 你 丫
咪 噉 等 銀 紙 搦 啦
乜 咪 等 銀 紙 搦
響 學 堂 收 來 收 去 ， 仲 不 夠 上 去 兩 晚 卡 拉 OK
更 兩 天 我 拾 落 間 盞 東 東 ， 你 看 看 孖 不 合 搦
我 們 好 辛 苦 才 運 警 察 學 校 撿 來 噉
警 槍 丫
各 位 大 哥 ， 每 人 有 三 支 ， 千 萬 別 爭 吃 丫
你 老 爸 噉 神 位 丫
我 仲 諗 丫 ， 有 噉 幾 老 爸 我 還 用 做 咩 ？
這 些 全 部 都 是 我 舊 時 噉 拍 檔
有 面 吃
若 果 吃 自 已 煲 啦
咪 啦 ， 吃 自 已
仲 做 得
吃 自 已 犯 法 嘛
你 講 話 有 好 幾 拍 檔 ？
九 個 九 個
點 有 十 個 神 主 牌 ？
無 疑 若 果 預 多 一 個 半 個 噉
無 疑 若 果 預 多 一 個 半 個 噉
看 看 誰 咪 好 運 來 我 這 兒
有 用 也 好 ， 廢 也 好 ， 以 備 不 時 之 需
你 不 介 意 啦 ？
乜 介 不 介 意 ， 你 講 話 乜 丫 ？
咪 覺 醒 丫
咪 覺 醒 還 好 …
英 年 早 逝 英 年 早 逝
你 吃 麵 ， 我 上 街 吃 飯
記 得 整 功 課 丫 ， 明 天 還 要 上 學 噉
- 頂 你 噉 肺 , - 不 好 頂 …
沒 什 麼 ， 繼 續 講 話 丫
你 一 世 人 都 噉 邋 遢
我 習 慣 咯
未 有 ， 近 日 響 一 間 學 堂 整 校 工
本 身 好 盞 整 噉
誰 知 幫 咯 間 周 Sir ， 盞 麻 煩 噉
沒 人 性 落 直
你 又 幹 什 麼 丫 ？
我 可 不 好 提 了 ， 哪 有 你 噉 盞
幫 著 大 飛 那 條 線
軍 火 軍 火
噉 巧 ， 我 們 仲 響 掘 著 大 飛
不 過 我 們 為 抄 一 支 警 槍
- 警 槍 ？ , - 為
為 咩 ？ 咪 啦 ， 他 們 那 些 為 機 關 鎗 丫
香 港 地 頭 有 噉 猖 狂 ？
為 丫 ， 已 經 落 咯 ， 光 天 化 日 丫
犀 利 …
噉 還 不 抓 他 們 回 來 ？
那 些 買 家 為 恐 怖 份 子
上 級 諗 一 次 過 釘 他 們
噉 心 狠 手 辣
有 乜 差 錯 咪 直 到 人 幾 咯
無 謂 打 草 驚 蛇 嘛
假 如 日 後 你 知 道 炮 噉 下 落 知 會 我 一 聲
- 那 無 疑 噉 , - 說 定 了
出 來 撈 講 義 氣 的 嘛
舊 時 一 班 臥 底 一 齊 出 來 撈
埋 都 上 去 咯 ， 只 剩 你 孖 我 未 直 而 已
我 咪 關 照 你 ， 你 講 話 關 照 誰 丫 ， 真 咪 真 ？
個 個 都 做 得 直 ， 這 個 千 萬 別 直
噉 難 聽
飛 哥 ， 飛 哥 ， 用 不 著 噉 勞 氣 丫
有 乜 事 給 你 擺 平 咯 它
雞 仔 標 記 咪 記 得 ？ 十 年 前 比 你 抓 噉 那 個
佢 講 話 問 候 你 ， 王 Sir
警 員 警 員
覺 醒 咩 ？
盞 盞
覺 醒 咩 ？
上 去 你 噉
「 我 無 交 功 課 」
「 勢 抵 死 」
「 我 又 無 交 功 課 」
「 上 堂 四 圍 望 ， 抵 罰 」
「 上 堂 眼 定 定 ， 再 罰 」
「 千 錯 萬 錯 都 為 我 錯 」
一 隻 腳 站 ， 舉 高 點
真 人 騷
看 好 啦
你 講 話 乜 ？
我 講 話 你 看 好 啦 ， 千 萬 別 笑 丫
哈 …
無 事 啦 你 ？
痛 不 痛 丫 ？
幫 你 講 話 咯 ， 咪 聽 我 講 話
「 每 週 一 星 」
這 個 學 生 沒 腦 噉 ， 廢 噉
為 丫 ， 整 天 沒 心 肝 ， 勢 廢
人 已 經 夠 衰 咯 ， 話 佢 那 副 德 性
好 似 長 咯 大 頸 咁
這 次 正 一 不 怕 咪 「 星 」 咯
你 倆 響 這 兒 整 乜 ？ 稱 做 你 查 失 炮 你 查 字 典
喂 ， 老 大 丫
佢 今 天 沒 功 課 交 ， 整 天 都 咪 返 課 室
木 頭 咁 響 操 場 罰 站
實 行 要 進 課 室 查 咩 ？ 不 進 課 室 仲 做 得 查 嘛
若 果 我 再 試 沒 功 課 交 ？ 學 堂 門 口 都 進 不 了
那 時 可 正 一 查 不 到 咯
這 條 數 你 會 咪 預 丫 ？ 幫 幫 忙 ， 看 看
這 些 三 角 關 係 我 咪 丫
老 大 ， 你 頭 頭 稱 做 我 接 呢 案 子 噉 時 候
態 度 咪 噉 子 丫
咪 ， 佢 一 向 都 為 噉
我 一 向 都 噉 子 ， 你 聽 到 他 講 啦
最 初 好 聲 好 氣 ， 笠 你 入 局 而 已
老 大 … 不 如 看 看 出 面 噉 師 兄 有 誰 曉 整
進 來 幫 幫 忙 ， 整 咯 它 啦
你 白 癡 丫 ， 噉 豈 咪 全 張 揚 出 去 咯
你 丫 ， 我 告 訴 你 ， 你 快 點 搞 掂 丫
若 果 咪 ， 我 用 鉸 剪 腳 來 夾 爆 你 的 頭
乜 腳 ？
凌 空 飛 起 那 種 鉸 剪 腳 ， 一 夾 咪 夾 爆 你 的 頭
鉸 剪 腳 丫 ， 驚 咯 咩 ？
好 怕 丫
鉸 剪 腳 丫 ， 你 講 話 笑 直 咪 笑 直
咪 丫 ， 佢 舊 時 正 一 很 勁 噉
舊 時 啦 ， 為 咩 ？
一 個 打 廿 個
打 廿 架 飛 機 纔 有 佢 份 兒 ！ ？
阿 爸 ， 你 點 咯 ？ 阿 爸
阿 爸 ， 你 去 死 吧 ， 阿 爸
你 點 噉 出 聲 ？
糟 咯 ， 遲 到 咯
有 沒 有 搞 錯 ， 才 六 點
噉 勤 勞 ， 感 染 落 我 咯 ， 我 仲 若 果 讀 一 番 書
蕃 薯 ， 蕃 薯 …
我 咪 稱 做 蕃 薯
但 是 你 好 學 呢
你 昨 天 噉 生 物 科 打 理 未 有 ？ 借 來 抄 抄
有 仲 咪 借 給 你 ， 你 戇 咯 ？
出 五 十 塊 買 你 那 份 生 物 科
我 …
你 沒 交 功 課 咪 諗 搦 銀 紙 ， 你 …
鬆 開 點 ， 一 個 個 零
多 多 都 有
作 文 有 沒 有 丫 ？ 作 文 丫
潺 仔 強 … 你 那 份 爛 噉 ， 走 開
- 佢 幾 受 同 學 歡 迎 噉 , - 為 丫
現 在 才 抄 ？
噉 廢 噉 ， 沒 前 途
你 話 ， 我 打 理 咯
架 勢 丫 你 ！
失 禮 失 禮
我 噉 講 話 咪 諗 諦 你
我 只 不 過 諗 告 訴 你 ， 我 由 今 天 頭
咪 再 試 等 任 何 人 向 我 擲 粉 刷
我 由 今 天 頭 ， 咪 再 試 比 人 罰 站 走 廊
抑 或 企 響 操 場 示 眾
還 要 抱 著 塊 直 人 牌 等 人 當 猴 子 話 ， 咪
你 慢 慢 抄 …
突 擊 測 驗 ， 誰 咪 合 格 罰 站 操 場 一 個 禮 拜
「 中 史 測 驗 」
- 大 哥 大 ？ , - 點 ？
有 沒 有 搞 錯 ？
乜 ？ 中 史 測 驗 ？ 你 孖 佢 搞 掂 就 行 了
咪 啦 ， 老 大 ， 中 史 我 不 行 ， 拉 屎 我 咪 曉
你 別 掛 線 ， 男 人 婆
挐 我 稱 做 肩 膀 有 花 噉 立 即 上 來
挐 我 問 平 定 「 安 史 之 亂 」
使 唐 室 轉 危 幫 安 噉 名 將 為
A . 郭 子 儀
B   for   boy 丫 ， 清 咪 明 丫 ？
為 李 光 弼 ， C . 李 克 用 …
李 克 用 丫 ， 李 克 勤
A 為 郭 子 儀 ， B 為 李 光 弼
邊 兩 個 平 定 「 安 史 之 亂 」 ？ 你 答
郭 子 儀 孖 朱 溫
咪 啦 ， 好 似 為 李 光 弼 孖 朱 溫
究 竟 為 哪 個 「 拉 屎 … 」
郭 子 儀 抑 或 朱 溫 ， 答 我 丫
有 沒 有 搞 錯 ， 你 查 書 ？
咪 丫 ， 做 得 咯 … 等 多 一 會 兒
仔 呀 ， 為 丫 ， 朱 溫 丫 ， 朱 溫 為 誰 丫 ？
答 案 為 B ， 答 案 為 B 丫 ， B 丫
蕉 ？ 蕉 for   banana ， B
你 再 試 挐 我 問 問
「 牛 李 黨 爭 」 , , 為 乜 ？ 答 我 丫 …
又 抄 書 丫 ？ 「 牛 李 黨 爭 」 你 們 仲 咪 丫
讀 乜 書 丫 ， 吃 屎 啦
響 搞 乜 大 案 丫 ？
咪 知 道
蘋 果 ， AppIe   for   A ， 這 也 行
下 一 題 ， 你 聽 明 為 …
答 案 D ， D 丫 ， D   for   Dog
D   for … D   for   Dog
B B
達 叔 ， 你 響 這 兒 整 乜 ？
未 有 ， 我 響 這 兒 掃 垃 圾
女 廁 攝 咯 ， 你 幫 我 上 去 通 一 通 盞 咩 ？
為 丫 ， 你 跟 我 來
喂 ， 乜 ？ 測 完 咯 ？
Sir ， 乜 案 丫 ？
「 三 狼 」 丫
為 咩 ？ 咪 直 咯 咩 ？
翻 案 丫 ！
為 何 我 噉 笨 ， 這 也 想 不 到
未 有 未 有
又 未 有 ？
你 倆 個 騎 馬 丫 ？
墜 馬 墜 馬
那 你 兩 個 為 響 作 弊 啦
咪 兩 個 ， 為 我 一 個 作 弊 ， 你 抓 我 啦
你 幫 我 出 來
等 等 等 等
幾 離 譜 丫 ！ 中 史 測 驗 ， 搦 本 國 文 出 來 作 弊
你 都 預 泓 啦 你
那 佢 這 都 不 算 作 弊 丫
我 咪 慌 佢 噉 罪 名
我 只 不 過 作 出 適 當 噉 處 分 而 已
你 們 大 家 有 乜 意 見 ？
扱 操 行 三 分 ， 照 例 噉 ， 別 吵
咪 噉 嚴 吧 ， 扣 滿 十 二 分 若 果 拍 出 校 噉
樑 老 師 ， 你 呢 ？
劈 直 佢 啦
你 講 話 乜 ？
你 咪 諗 噉 咩 ？ 作 弊 而 已
為 人 生 必 經 噉 階 段 丫
試 問 邊 一 個 人 沒 作 過 弊 丫
最 重 要 噉 為 曉 用 腦 ， 你 連 作 弊 都 咪 用 腦
你 企 盞 ， 還 動 ？
搦 腦 子 都 咪 ， 那 咪 抵 罰 丫
影 我 講 話 ， 最 好 咪 重 測
一 次 咪 ， 測 兩 次 ， 兩 次 咪 ， 測 夠 三 次
測 到 他 會 為 止
現 在 罰 佢 抑 或 罰 我 ， 我 邊 有 噉 幾 檔 期 ？
- 上 去 少 點 馬 場 啦 , - 真 丫 …
我 贊 成
我 提 議 見 佢 家 長 ， 瞭 解 一 番 佢 家 裏 噉 情 況
盞 ， 我 現 在 決 定 周 星 星 作 弊
罰 留 堂 一 個 禮 拜 ， 掃 操 場 兩 個 禮 拜
扱 操 行 五 分 ， 下 個 禮 拜 重 測
還 有 ， 我 要 見 你 噉 家 長
家 長 ？ 我 未 有 ， 我 沒 老 爸 、 沒 老 媽
沒 兄 弟 姐 妹 、 沒 親 戚 、 沒 老 友
那 你 噉 監 護 人 呢 ？
監 護 人 即 是 我
你 若 果 見 ， 見 我 就 行 了
佢 噉 料
監 護 人 填 誰 丫 ？
達 叔 ？
達 叔 ！
別 吵 ， 直 咯 … 大 件 事 咯
達 叔 ， 周 星 星 正 一 你 噉 兒 子 ？
你 過 我 高 級 ， 你 講 啦
周 星 星 ， 你 講 ！
你 別 笑 ， 你 們 講 話 ！
為 噉
為 … 失 禮 …
我 一 早 就 猜 到 咯 ， 看 看 他 們 一 個 模 樣 噉
咪 啦 ， 一 個 模 樣 ？
佢 老 爸 ， 咪 啦 ？
喂 … 咪 話 ， 這 兒 …
你 姓 曹 ， 佢 姓 周 ， 幫 乜 呢 ？
咪 知 道 ， 幫 乜 ？
這 是 命 令
出 世 那 時 我 為 改 咯 佢 稱 做 曹 星 星 噉
後 尾 佢 不 知 幫 乜 自 已 改 整 周 星 星
噉 回 答 行 不 行 呢 ？
真 真
主 任 ， 沒 什 麼 我 們 出 去 咯
等 一 等 ， 達 叔 ， 我 們 請 你 回 來 為 諗 告 訴 你
你 兒 子 作 弊 丫
作 弊 ？ 作 弊 咪 真 噉 ， 作 弊 難 嘛
作 弊 難 ， 老 師 ， 作 弊 …
沒 什 麼 我 們 出 去 咯
達 叔 … 你 明 咪 覺 醒 丫
管 教 為 學 堂 孖 家 長 相 輔 相 成 噉 嘛
你 講 話 為 咩 ？
我 們 做 得 管 教 落 幾 時 呢 ？
你 兒 子 上 學 不 夠 三 天 咪 作 弊 咯
- 任 抌 兩 下 咪 鬆 , - 不 行
你 若 果 認 真 管 教 才 行 噉
任 一 番
無 疑 為 任 一 番
做 得 咯 ， 不 用 說 咯 主 任 ， 我 知 道 點 整
衰 仔 ， 你 學 人 作 弊 ， 讀 屎 片 丫 ， 打 死 你 …
你 別 太 過 激 動 …
打 死 你 …
- 直 咯 咩 ？ , - 直 咯 啦
- 你 說 謊 , - 正 一
打 多 你 一 番
你 這 混 …
周 Sir ， 你 仲 咪 噉 子
若 果 我 出 盡 力 拼 你 ， 你 知 你 自 已 幾 硬 朗 啦
那 仲 為
我 幾 十 歲 ， 骨 又 脆
拼 完 你 之 後 ， 我 渾 身 骨 痛 ， 手 指 骨 都 爆 咯
- 為 咩 ？ , - 為 丫
那 可 不 好 意 思 丫
不 要 緊 ， 誰 稱 做 我 響 這 行 打 滾
上 去 看 看 醫 生 ， 我 請
有 心 …
達 叔 ！
何 老 師
你 別 噉 勞 氣 啦
周 星 星 同 學 ， 你 知 不 知 道 你 阿 爸 幾 偉 大
不 要 緊 … 幫 人 父 母 噉 每 個 都 噉 偉 大 噉
佢 噉 不 行 噉 ， 不 如 噉 啦 ， 我 挐 佢 補 習
我 家 裏 沒 錢 丫
點 好 意 思 丫 ， 老 師
- 達 叔 , - 阿 爸
我 不 收 佢 銀 紙 噉
難 …
我 負 責 挐 你 教 好 佢
難 …
不 是 太 好 噉 ， 噉 丫 …
咪 噉 ， 由 明 天 頭 ， 你 放 心 啦
有 心 …
有 心 啦
還 用 到 著 口 震 ， 得 手 咯 ， 你 …
找 死 丫 你 ， 剛 纔 諗 拆 我 臺 丫 ， 夠 膽 講 話 難
喂 ， 搶 眼 點 ， 咪 穿 崩
喂 喂
有 人 抄 你 丫
誰 丫 ？
落 天 台 你 咪 知 道
盞 丫 ， 零
一 陣 若 果 給 點 顏 色 佢 話
他 來 咯
誰 挐 佢 咪 企 響 佢 另 一 邊
你 若 果 收 保 護 費 ， 我 挐 他 給 即 是 咯
你 呢 龜 仔 實 行 為 沒 死 過 咯
等 我 捉 你 過 來 ， 搦 你 噉 眼 整 煙 灰 缸
捉 佢 過 來
還 有 乜 事 咩 ？
沒 什 麼 沒 什 麼
你 以 後 沒 什 麼 事 咪 咪 稱 做 我 上 來 嘛
知 道 咯 ！
沒 前 途 丫 ， 正 一 噉 ！
星 哥 ， 你 犀 利 過 李 小 龍 丫
星 哥 ， 若 果 不 好 擦 鞋 丫 ？ 星 哥
星 哥 ， 你 勢 犀 利 ， 夠 不 夠 錢 花 ？ 我 有
還 有 ， 衫 褲 仲 咪 整 盞 ， 這 次 我 咪 抌 你 不 行
拿 手 出 來 ， 拿 來 ， 拿 來
我 幾 十 歲 人 還 打 手 板 ？
拿 來 丫
難 ， 不 用 咯 ， 老 師
那 隻
我 給 你 個 地 頭 抌
你 忍 心 抌 ， 你 忍 心 用 力 抌 下 來 丫
垃 圾 筒 咁
一 陣 等 何 老 師 上 來 見 到 幾 失 禮
這 是 乜 丫 ？ 多 士 爐 丫 ， 把 麵 包 抌 咯
你 房 間 噉 三 級 刊 物 ， 一 陣 埋 …
我 稱 做 你 炮 製 東 東 ， 你 吃 東 東
整 乜 ？ 裝 模 作 樣 ， 零 丫
炮 製 羅
柏 金 遜 病 丫 ！
柏 金 遜 為 你 老 爸 ， 整 天 都 響 扮
別 以 幫 幾 十 歲 ， 我 照 拼 我 告 訴 你
沒 理 由 兒 子 房 間 大 過 老 爸 噉
老 師 ， 這 個 我 咪 好 覺 醒
這 兒 丫
坐 呀 ， 星 哥 ， 頭 髮 亂 咯 ， 星 哥
腳 要 直 丫 ， 沖 快 點 ， 翻 跟 斗
為 咯 … 真 咯 …
你 沒 帶 眼 鏡 丫
幹 什 麼 你 們 ？ 好 似 很 悶 咁
悶 呀 ？ 不 如 稱 做 老 師 纜 我 們 上 去 旅 行 啦
不 如 噉 ， 纜 你 們 噉 女 一 齊 上 去 玩 吧
有 妞 就 行 了
好 極 了 ， 老 師
零 ， 二 手 點 著 它
都 住 不 到
好 極 …
學 人 吸 煙 ， 幾 時 吸 到 大 丫 ， 抌 咯 它
報 警 抓 你 們 這 班 人 ， 哪 有 前 途 丫 ， 你 講 話
原 來 你 咪 吸 煙 丫
我 不 吸 噉 ， 噉 貴 點 買 得 起
你 不 信 哄 哄 我 噉 嘴 有 沒 有 煙 味
你 戇 咯 丫
你 看 看 ， 未 有 煙 屎 牙
你 點 噉 快 有 智 慧 牙 話
你 今 年 多 大 丫 ？
我 今 年 咪 … 十 八 歲
十 八 ？
咪 快 十 九
不 過 話 你 嘜 頭 好 早 熟 呢
我 全 熟 咯 ， 做 得 吃 得 了
真 咯 ， 全 班 同 學 都 有 女 ， 那 你 那 個 呢
我 未 有
事 關 我 咪 太 過 贊 成 學 生 響 求 學 時 期 行
我 話 好 浪 費 時 間
- 古 惑 丫 你 , - 為 丫
- 正 一 ？ , - 為
我 見 過 你 男 友
整 天 響 學 堂 門 口 等 你 那 個
你 點 知 道 為 我 男 友
我 看 得 出 來
我 話 佢 真 你 幾 盞 噉 呢
多 事 話 你
不 過 ， 我 諗 佢 咪 太 過 適 合 我
有 時 感 情 噉 事 又 正 一 咪 做 得 監 噉
佢 為 警 員 ， 我 越 來 越 嬲 警 員
我 認 同 ， 我 一 向 真 警 員 都 未 有 好 感
乜 ？
Annie ， 我 有 間 請 求
乜 事 ？
等 我 看 看 你 噉 胸 嘛
乜 ？
一 邊 就 夠 咯 ， 一 邊 嘛
胸 丫 ！
你 又 沒 折
你 這 死 細 龜 ， 勢 噁 心 ， 講 話 這 種 說 話
你 別 鬆 丫
你 話 細 龜 正 一 噉 ， 學 龜 咁
尤 其 是 頭 ， 加 個 殼 ， 太 過 神 似 咯
不 過 近 日 細 龜 成 績 水 咯
我 諗 挐 佢 補 習 一 番
但 是 你 若 果 挐 我 補 話 ， 哪 有 檔 期 丫 ？
你 已 經 進 步 咯 很 多 咯
那 等 我 挐 佢 補 啦
我 進 步 咯 嘛 ， 應 該 沒 阻 滯
你 行 咩 ？
故 此 你 若 果 繼 續 挐 我 補
那 我 纔 做 得 挐 佢 補 ， 你 覺 醒 咩 ？
你 覺 醒 噉
覺 醒 咯 ？
這 是 舍 下 ， 點 ？
祖 母 ， 倒 茶 丫
阿 星 哥 ， 任 坐
阿 星 哥 ， 歡 喜 整 治 乜 遊 戲 機 丫 ？
世 嘉 抑 或 PC ， 抑 或 超 級 任 天 堂 丫
夜 一 陣
你 點 噉 煩 ， 倒 茶 啦
請 飲 茶
有 心 …
你 們 為 同 學 丫 ？
為 丫
一 齊 讀 書 噉 ？
為 丫 …
為 書 友 丫 ？
為 丫 …
你 們 為 同 學 丫 ？
為 丫 ， 你 點 知 道 ？
你 講 話 噉 幾 幹 嘛 ， 進 去 啦
笨 手 笨 腳 笨 手 笨 腳
為 你 噉 工 友 ？
為 祖 母
祖 母 ？ 老 爸 ， 老 媽 呢 ？
不 常 響 這 兒
星 哥 ， 有 盞 東 東 招 呼 你
嘩 … 呢 小 子 噉 多 好 東 東
我 好 似 為 零 挐 你 補 習 噉
戇 啦
祖 母 ， 試 試 看 ， 咪 客 氣 丫
不 用 銀 紙 ， 玩 玩 而 已 ， 驚 乜
做 得 咯
為 ， 好 不 好 整 治 丫 ？
你 試 試 反 手 ， 好 抵 死 噉
反 手 拍 下 去 ， 九 十 度 拍 下 去
等 等 … 先 等 頭 起 來 ， 預 ， 出 擊
好 盞 ， 做 得 好
試 用 雙 手 ， 搦 力 點
敲 佢 頭 頂 ， 這 兒 ， 沒 錯 …
嘩 ， 過 我 還 狠 丫 ， 看 不 出 ， 正 一
開 放 日 你 們 負 責 遊 戲 部 份
遊 戲 噉 主 題 為 童 話 故 事
咪 《 雪 姑 七 友 》 啦 ， 你 們 話 …
雪 姑 七 友 七 個 小 矮 人
雪 姑 七 友 七 個 同 牀 宿 ？
七 個 人 有 …
夠 了 ， 你 們 好 似 離 譜 點 吧
老 師 ， 其 實 我 們 歡 喜 噉 未 必 為 這 些
幫 乜 你 咪 問 問 大 家 呢 ？
為 丫 …
問 十 一 啦 ， 十 一 ， 你 平 時 歡 喜 整 治 乜 ？
抌 遊 戲 機
聽 到 咯 咩 ？ 我 仲 歡 喜 噉
為 丫 …
其 實 我 們 這 次 是 不 是 應 該 找 點
新 鮮 刺 激 噉 東 東 零 大 家 搞 一 番 呢 ？
抌 氣 槍 丫 ？
盞 丫
抌 氣 槍 太 過 暴 力 咯
無 可 否 認 為 暴 力 了 點
但 是 ， 也 好 過 暴 露 ， 為 咩 ？
- 吃 飯 啦 , - 有 心 …
死 仔 ， 幫 幫 手 嘛
整 乜 丫 你 ？
喝 湯 丫 ， 老 師
吃 塊 排 啦
有 心 ， 達 叔
阿 爸 ， 你 仲 呷
- 不 要 緊 , - 你 自 已 呢 ？
你 這 次 噉 成 績 好 盞 丫
都 為 全 靠 老 師 你 挐 我 補 習
不 過 ， 細 龜 過 你 還 高 分
咪 啦
你 看 看
那 仲 全 靠 我 挐 佢 補 習
這 陣 子 我 天 天 監 佢 ， 你 仲 知 道 噉
若 果 每 個 學 生 都 好 似 你 噉 咪 盞 咯
哪 會 … 其 實 每 個 老 師 學 你 咪 更 好
你 又 口 花 咯
剪 你
我 錘 我 錘
包 住 包 住
這 都 捉 不 到 她 噉 手 ， 正 一 … 勢 泓
那 衰 仔 上 去 咯 邊 ？
祖 母 ， 我 咪 回 來 吃 飯 ， 咪 噉
大 哥 大 ， 勁
龜 哥 ， 龜 哥 ， 這 個 月 噉
今 天 為 月 初 咯 咩 ？
為 丫 ， 看 著 我 …
不 用 有 心 我 ， 有 心 星 哥 行 咯
精 點 ， 星 哥 咪 歡 喜 笨 頭 笨 腦 噉 人
浪 費 時 間 浪 費 時 間
嘩 ！ 這 本 書 星 哥 歡 喜 ， 當 交 下 個 月 噉
龜 哥 ， 孝 敬 你 噉
精 ！
喂 ， 有 盞 東 東 給 你 看
稱 做 你 丫 ， 混 蛋
整 乜 鬼 鬼 祟 祟 ， 站 住
我 仲 會 彈 噉
不 關 我 噉 事 ， 星 哥 ， 為 你 自 已 戇 要 彈 噉
他 媽 的 ， 跣 我
鬆 鬆
擘 眼
落 咯 我 啦 ， 星 哥
稱 做 你 咪 鬆 ， 你 偏 要 鬆 咩 ？
我 仲 不 想 噉
乜 名 字 ？
黃 小 龜
住 響 邊 ？
九 龍 塘 九 龍 塘
通 通 住 丫 ？
理 想 酒 店 隔 壁
轉 過 零
雙 手 放 在 頭 上
整 治 乜 丫 ， 小 夥 子 ？
乜 丫 ？
你 噉 電 話
我 仲 知 道
知 道 你 還 問
反 駁 阿 Sir ？
這 是 乜 ？
港 幣 港 幣
我 知 道
知 道 你 還 問 ？
我 現 在 是 不 是 咪 問 你 ？
是 不 是 咪 問 你 ？
做 得 問 …
立 即 告 訴 我 這 是 乜
港 幣 港 幣
我 知 道
知 道 你 還 問 ？
混 蛋 ， 即 刻 告 訴 我
不 然 ， 我 凌 空 飛 起 一 番 鉸 剪 腳 夾 爆 你 的 頭
不 好 夾 ， 星 哥 ， 這 些 銀 紙 為 你 噉
關 我 乜 事 丫 ？
保 護 費 丫
乜 保 護 費 ？
為 我 向 同 學 們 收 噉 ， 每 人 三 十 塊
我 們 現 在 有 財 有 勢 ， 為 天 下 第 一 大 幫 派
天 下 第 一 大 幫 派 ？
為 丫 ， 星 字 派 ， 抑 或 星 字 頭 都 行
老 大 老 大
你 這 班 傢 伙 聽 著 ， 我 咪 你 們 老 大
立 即 把 銀 紙 拿 回 去 ， 埋 鬆
老 大 ， 咪 稱 做 你 ， 稱 做 我 丫
稱 做 阿 公 丫
阿 公 阿 公
 聽 話
老 大 ， 算 啦
別 搞 到 學 堂 噉 ， 避 免 我 們 倆 麻 煩
你 為 我 照 噉 ， 你 響 學 堂 比 人 蝦
不 給 你 面 即 為 不 給 我 面 ， 是 不 是 ？
為 丫
諗 響 我 地 頭 開 業 ？
說 開 咪 開 ， 你 以 幫 便 利 店 丫
佢 傻 乎 乎 噉 ， 乜 都 咪
等 我 看 看 佢 有 乜 三 頭 六 臂
周 Sir ， 大 飛 來 咯
好 似 為 專 程 來 抄 你 噉 ， 你 小 心 點
鎮 定 點 ， 應 該 沒 什 麼 事 噉
阿 公 … 過 來 這 邊
咪 再 試 稱 做 我 阿 公 ， 你 這 幫 傢 伙
星 哥 … 大 飛 來 抄 你 丫
誰 講 話 抄 我 丫 ？
佢 講 話 有 大 抄 大 ， 咪 即 是 抄 你
那 咪 抄 你 咩 ？ 現 在 你 為 大 佬 嘛 ， 現 在 …
那 又 點 …
喂 ， 小 子 ， 咪 鬆
老 大 為 咩 ？
你 好 咩 ， 阿 哥
你 即 是 星 字 頭 丫 ？ 你 可 勢 沙 塵
