歌 詞 亂 七 八 糟 的
我 一 句 都 聽 不 明 白
就 是 ， 歌 詞 誰 寫 的 ？
誰 寫 的 ？ , 說
其 實 ， 創 作 這 東 西 是 很 主 觀 的
不 過 你 們 的 批 評 ， 我 是 一 定 會 跟 進 的
況 且 唱 歌 只 不 過 是 前 奏 而 己
高 潮 就 是 少 林 的 大 力 金 剛 腿 和 鐵 頭 功
鐵 頭 功 是 吧 ？
早 說 了 ， 這 歌 詞 不 行 噸
我 不 是 鐵 頭 功 ， 他 纔 是
鐵 頭 功 是 吧 ？
都 說 … , 鐵 頭 功 是 吧 ？
金 剛 腿
他 纔 是 金 剛 腿 呀
你 還 說 金 剛 腿 ？
打 死 你
狗 屁 金 剛 腿
我 纔 是 金 剛 腿
鐵 頭 功 是 吧 ？
你 聽 不 懂 中 國 話 ， 那 個 纔 是 …
鐵 頭 功 是 吧 ？
你 打 上 癮 了 ？
鐵 …
幹 嘛 ， 想 還 手 ？
多 謝 啦 …
歡 樂 的 時 光 過 得 特 別 快
又 到 時 候 講 拜 拜
大 家 先 來 聽 首 歌 ， 音 樂
你 媽 的 ！ 還 裝 蒜 ？
還 在 這 兒 死 撐 ？
多 謝 了 …
瘸 你 媽 的
幹 嘛 ？
走 ！ 沒 什 麼 好 看 的
你 沒 打 夠 ， 還 想 再 打 ？
我 答 應 過 師 父 不 打 架 的
大 哥 ， 這 傢 伙 腦 部 震 盪 過 度 呀
但 是 你 們 一 定 要 道 歉
道 歉 ？
我 打 你 應 該 ， 不 打 你 悲 哀
不 要 動 ！ 你 說 過 不 打 架 的
我 不 是 來 打 架 ， 我 是 來 踢 球 的
我 幹 你 的 …
用 不 著 這 麼 誇 張 吧 ？
幹 什 麼 ？
不 好 意 思 呀 大 哥 ， 對 不 起
你 有 帶 錢 在 身 上 嗎 ？
有 有
三 毛 三 毛
這 算 不 算 搶 劫 ？
算 ， 你 學 過 螳 螂 拳 嗎 ？
研 究 過
那 就 不 要 再 侮 辱 少 林 武 功
介 不 介 意 把 褲 子 拉 高 點
讓 我 看 看 你 的 腿 ？
我 心 情 不 太 好 ， 要 拉 你 自 己 拉
真 是 天 生 神 力
好 一 條 奪 命 香 雞 腿
是 少 林 的 大 力 金 剛 腿
功 夫 真 的 可 以 用 來 踢 球 嗎 ？
功 夫 踢 球 有 搞 頭 嗎 ？
有 搞 頭
對 呀
功 夫 踢 球 好 主 意
為 什 麼 我 一 直 沒 想 到 呢 ？
你 不 是 那 個 瘸 子 ？
我 不 是 瘸 子 那 麼 簡 單
我 還 是 當 年 叱 吒 球 壇 的 黃 金 右 腳
現 在 是 足 球 教 練
那 正 好 ， 你 教 我 踢 球
等 一 下
還 等 什 麼 ？ 是 你 說 有 搞 頭 的
沒 錯 ， 那 也 要 給 我 點 時 間 想 一 想
已 經 沒 時 間 了
太 陽 都 下 山 啦 ， 有 搞 頭 就 趕 快 做
時 間 是 不 等 人 的
那 也 要 準 備 一 下 嘛
我 已 經 準 備 好 啦 ， 還 差 什 麼 ？
起 碼 要 有 一 對 球 鞋 嘛
你 現 在 有 錢 贖 回 你 的 破 鞋 了 ？
錢 還 沒 有 ， 但 是 …
扔 掉 了
扔 掉 了 ？
當 然 ， 你 的 破 鞋 已 經 破 得 沒 法 穿 了
破 是 破 ， 但 是 我 … , 你 快 走 吧
等 一 下 老 闆 娘 出 來 ， 又 要 罵 人 了
破 的 鞋 沒 有 了
補 好 的 有 一 雙 ， 你 要 不 要 ？
大 師 兄 ， 你 怎 麼 了 ？
大 師 兄 ， 你 沒 事 吧 ？
我 沒 事
你 又 想 怎 樣 ？
我 終 於 想 到 個 妙 計
可 以 將 少 林 武 功 更 加 發 揚 光 大
就 是 踢 球
你 放 我 一 條 生 路 吧
你 已 害 我 被 人 打 ， 還 被 解 僱 了
現 在 我 要 洗 廁 所 賠 錢
所 以 我 是 來 打 救 你 的
不 用 了 ！ 你 還 打 救 得 不 夠 ？
你 別 逼 我 ， 是 不 是
想 我 全 家 跳 樓 死 在 你 面 前 ？
死 是 不 能 解 決 問 題 的
你 勇 敢 一 點
你 的 志 氣 跑 哪 去 了 ？
就 當 我 沒 志 氣 ！ 就 當 我 爛 泥 扶 不 上 牆
拜 託 你 不 要 再 找 我
你 要 找 ， 找 其 他 師 兄 弟 吧
拜 託 你 了 ， 求 求 你 不 要 再 煩 我 …
我 求 求 你 啦
鐵 頭 功 鐵 頭 功
四 師 兄 ， 早
星 哥 ， 早
好 久 不 見 ， 有 什 麼 好 關 照 ？
給 你 介 紹 位 猛 男 ！ 這 位 是 …
喂 ， 怎 麼 稱 呼 ？
叫 我 阿 鋒 行 啦
鋒 哥 是 吧 ？ 財 經 界 有 誰 不 認 識 鋒 哥 ？
你 看 他 一 身 的 IT 造 型
鋒 哥 是 位 足 球 教 練
足 球 教 練 是 吧 ？
足 球 界 有 誰 不 認 識 鋒 哥 的 ？
我 從 小 就 看 鋒 哥 踢 球 了
你 是 用 兩 隻 腳 踢 球 ， 對 吧 ？
我 沒 亂 蓋 吧 ， 有 什 麼 好 關 照 ？
打 算 找 你 組 隊 踢 球
真 的 找 我 踢 球 ？
我 半 年 沒 做 事 了 ， 你 找 我 踢 球 ？
不 是 ， 你 當 年 的 鬼 影 擒 拿 手
如 果 拿 來 當 守 門 員 的 話
鬼 屁 影 擒 拿 手 ？ 多 年 前 的 事 了
師 父 死 了 多 久 我 都 不 記 得 了
你 聽 我 說
我 們 這 次 是 參 加 兩 年 一 度 的 超 級 杯
贏 了 有 一 百 萬 獎 金 呀
是 嗎 ？ 所 以 我 一 直 說 你 最 精 明 能 幹
風 生 水 起 西 裝 革 履 ， 你 看 你 帥 的
當 年 師 父 叫 我 們 將 少 林 功 夫 發 揚 光 大
現 在 居 然 讓 你 們 兩 混 球 發 揚 到 足 球 上
真 是 有 見 地
你 看 看
當 年 我 們 幾 師 兄 弟 的 臺 照
我 一 直 擺 在 枕 頭 下 面
你 就 知 道 我 是 什 麼 …
好 啊 ！ 我 們 坐 下 來 慢 慢 談 什 麼
我 有 空 找 你 們 ， 記 得 叫 我
我 沒 空 跟 你 說 話
幾 個 客 人 在 等 我 ， 還 要 盯 著 股 市
一 秒 鐘 幾 十 萬 上 下 呢
喂 ， 現 在 什 麼 價 位 ？
碰 巧 今 天 司 機 放 大 假
碰 巧 今 天 又 把 車 借 給 人 家 了
碰 巧 剛 把 錢 包 留 在 公 司
今 天 我 請 不 了 你 吃 飯 啦
我 真 的 很 忙 呀
車 來 了 呀
考 慮 一 下 ， 三 師 兄
你 當 年 的 金 鐘 罩 鐵 布 衫
如 果 用 來 踢 後 衛
你 … 你 還 提 金 鐘 罩 鐵 布 衫 ？
你 看 看 ， 滿 天 都 是 飛 機
滿 街 都 是 電 腦
現 在 什 麼 世 界 了 ？ 你 醒 醒 吧
所 以 我 打 算 用 武 功 配 合 足 球 搞 新 組 臺
是 呀 ， 獎 金 很 吸 引 人 的
我 靠 ， 你 當 我 什 麼 ？
我 一 秒 鐘 幾 十 萬 上 下
無 緣 無 故 跟 你 們 幾 個 廢 物 去 踢 球
不 好 意 恩 ， 你 知 道 我 這 個 人 就 這 麼 直
還 要 無 緣 無 故 跟 你 這 死 瘸 子 參 加 比 賽
請 你 原 諒 我 是 這 麼 直
最 後 還 要 無 緣 無 故 的 贏 了 比 賽
或 然 率 是 低 過 零 呀
你 說 的 這 個 或 然 輪 嘛
你 才 輪 ！ 是 或 然 率 呀
簡 單 來 說 ， 就 是 …
要 不 就 是 公 ， 要 不 就 是 字
永 遠 沒 有 中 間 的
中 間 的 或 然 率 就 是 零
讓 我 來 試 試 看
你 給 我 走
我 約 了 人 在 大 酒 店 吃 午 飯
我 很 忙 啊
我 們 倆 請 你 吃 碗 雜 碎 面 再 談 好 了
我 靠 ！ 我 一 秒 鐘 幾 十 萬 …
跟 你 們 吃 雜 碎 面 ？
這 位 就 是 我 六 師 弟 ， 綽 號 輕 功 水 上 飄
這 位 是 著 名 足 球 教 練 鋒 哥
鋒 哥 ， 你 好
什 麼 飄 ？
輕 功 水 上 飄
輕 先 生 ， 你 好
師 兄 ， 你 要 去 踢 球 嗎 ？
是 呀
如 果 加 上 你 身 輕 如 燕 水 上 飄 坐 陣
我 們 上 中 二 路 的 攻 擊 可 說 是 毫 無 破 綻
你 真 的 這 麼 肯 定 ？ , 是
好 ， 請 問 有 沒 有 特 效 減 肥 藥 ？
沒 用 的
我 是 感 冒 茵 入 腦 下 垂 ， 沒 得 減 了
自 從 師 父 去 世 之 後 ， 我 就 這 麼 胖
現 在 別 說 輕 功 了 ， 想 走 快 點 都 不 行
胖 是 胖 了 點 ， 不 過 問 題 不 大
算 啦 算 啦
你 看 看 我 以 前 的 樣 子
自 從 變 成 這 樣 子
連 妞 都 泡 不 到
這 種 心 情 你 們 不 會 明 白 的
我 明 白 ， 我 又 何 嘗 不 是 呢 ？
不 是 呀
報 紙 雜 誌 說 你 很 多 女 朋 友
什 麼 報 紙 雜 誌 ？
對 不 起 ， 我 又 說 錯 話 了
自 從 有 了 這 個 病 之 後 ， 我 經 常 失 控
你 不 用 管 我 ， 你 走 吧
師 弟 師 弟
給 自 己 點 信 心 ， 你 行 的
現 在 大 家 都 叫 我 豬 肥 膘
只 有 你 叫 我 師 弟
謝 謝 謝 謝
豬 肥 膘 ， 幫 我 把 上 面 紅 色 廁 紙 拿 下 來
是 紅 色 那 捲
踢 球 ？
是 呀 ， 二 師 兄
你 當 年 的 旋 風 地 堂 腿 如 果 用 來 做 後 衛
我 敢 肯 定
毫 無 破 綻 嘛
沒 錯 沒 錯
看 我 現 在 這 德 性 ， 還 是 旋 風 地 堂 腿 嗎
生 疏 一 點 點 沒 關 係
只 要 有 鬥 志 ， 武 功 一 定 會 回 來 的
是 嗎 ？
不 過 前 陣 子 我 看 見 你 還 在 洗 馬 桶
怎 麼 好 好 的 又 轉 做 洗 碗 呢 ？
為 什 麼 ？
這 個 問 題 我 也 想 問 ， 我 也 不 明 白
為 什 麼 我 老 爸 不 是 李 嘉 誠 ？
為 什 麼 我 長 得 這 麼 帥 ， 但 要 掉 頭 發 ？
你 們 倆 長 這 麼 醜 ， 就 不 掉 頭 發 ？
為 什 麼 人 家 小 時 候 有 書 讀
而 我 小 時 候 就 要 被 我 老 爸
逼 我 練 什 麼 爛 鬼 武 功 ？
練 到 現 在 洗 馬 桶 ！ 洗 碗 ！ ？
師 兄 ， 你 冷 靜 一 點
其 實 命 運 是 掌 握 在 自 己 手 中 的
冷 靜 ？ 如 果 不 夠 冷 靜
我 一 刀 砍 死 你 們 兩 個 王 八 蛋 了
冷 靜 ？
媽 個 巴 子 ！ 這 麼 有 空 坐 著
聞 到 臭 不 臭 呀 ？
會 回 來 還 有 臭 味 ， 你 給 我 舔 乾 淨
這 個 地 方 不 錯 呀
五 臟 俱 全 呢
想 不 到 你 這 個 垃 圾 佬
居 然 可 以 在 五 十 九 樓 天 臺 住 “ 閣 樓 ”
好 有 生 活 品 味 呀
現 在 這 種 單 位 很 搶 手 的
我 找 了 很 久 都 找 不 到
就 是 這 個 冷 氣 槽 有 點 吵
沒 關 係 沒 關 係
在 你 這 兒 多 隔 個 房 間 行 不 行 ？
算 啦 算 啦
你 那 些 師 兄 弟 沒 個 像 樣 的
不 來 就 算 啦 ， 再 找 其 他 人 吧
都 怪 我 不 好 ， 說 不 動 他 們
不 要 這 麼 說 了
你 這 麼 信 任 我 這 個 瘸 子
我 很 感 謝 你
我 會 在 最 短 的 時 間 裏
將 你 們 訓 練 成 為 足 球 員
所 以 你 們 要 嚴 肅 認 真 ， 團 結 向 上
明 白 啦
踢 球 踢 球
你 聽 我 說 好 不 好 ？
你 站 在 我 的 立 場 ， 你 會 怎 麼 樣 ？
就 是 嘛
等 等 ， 我 有 電 話 進 來
球 掉 下 來 啦
你 終 於 下 來 了 嗎 ？
讓 我 們 等 了 一 個 多 小 時
幹 什 麼 呀 ？
踢 球 踢 球
球 在 那 邊 呀
你 ， 站 過 來
你 在 這 兒 踢 球 給 我 看 看
可 是 球 在 那 邊
就 是 嘛 ， 你 也 知 道 球 在 那 邊
你 連 球 都 沒 拿 到 ， 踢 什 麼 呀 ？
其 實 踢 球 不 外 乎 四 個 基 本
傳 ， 停 ， 帶 ， 射
我 明 白 ！ 你 別 動 ！
你 們 要 從 基 本 做 起
你 的
控 制 住
集 中 精 神
交 ！ 交 ！ 帶 球 ！
你 要 走 位 才 行 呀
這 些 假 動 作 可 以 再 假 點 …
你 就 差 不 多 了 ， 挺 假 的
假 點 ， 再 假 點
教 練 ， 為 什 麼 不 讓 我 練 球 ？
你 的 腳 力 太 大
因 為 你 做 不 到 收 放 自 如
每 次 都 把 球 踢 上 天
萬 一 把 飛 機 打 下 來 你 賠 得 起 嗎 ？
賠 不 起 , 就 是 嘛
肥 仔 聰 ， 借 你 的 雞 蛋 用 用
什 麼 ？
你 能 將 雞 蛋 像 控 球 那 樣 控 好 再 說 吧
好 呀 ， 來 ！ 來
有 難 度 的
靠 ！ 算 了 吧 ， 六 師 弟
我 的 蛋 ！ 我 的 蛋 …
總 有 一 天 ， 我 把 蛋 還 給 你 的
還 你 的 頭 ！
把 蛋 還 給 我
不 要 分 心 ， 繼 續
蛋 呀 ！
前 面 ！ 對 …
很 好 …
接 著 ！
對 …
很 好 …
好 ！ 去 ！
防 守 的 要 釘 緊 一 點 ！
不 能 讓 人 射 球 ！
射 的 那 個 用 點 力 呀 ！
我 也 擋 到 啦 ！
真 厲 害
他 一 個 人 踢 就 行 了
足 球 ， 不 是 一 個 人 就 可 以 踢 的
比 賽 三 十 分 鐘 ， 中 場 沒 休 息
一 切 依 足 國 際 球 例
我 做 球 證 ， 大 家 沒 意 見 吧 ？
不 要 傻 了 ， 當 年 人 稱 黃 金 右 腳 的 鋒 哥
今 天 帶 些 年 青 人 來 跟 我 們 踢 場 友 誼 賽
你 還 做 球 證 ， 是 我 們 的 榮 幸
大 家 叫 鋒 哥 ！
鋒 哥 ！
好 了 …
這 個 年 青 人 之 前 和 你 的 隊 員 有 點 衝 撞
所 以 打 算 踢 一 場 球 賽 ， 切 磋 一 下 球 技
以 前 的 恩 怨 就 一 筆 勾 消 吧
他 們 很 有 誠 意 的
從 他 們 整 齊 的 制 服 、 友 善 的 眼 神
我 完 全 感 受 到 那 份 誠 意 和 體 育 精 神
多 謝 ！
大 家 不 要 緊 張
我 本 身 是 一 個 汽 車 維 修 員
這 個 扳 子 是 我 用 來 上 螺 絲 用 的
很 合 理 吧 ？
是 呀
正 如 我 剛 才 所 說
我 身 為 一 個 汽 車 維 修 員
有 個 錘 子 在 身 邊 也 很 合 邏 輯
行 了 … 你 們 球 隊 的 作 風
在 業 餘 界 是 很 出 名 的
我 完 全 明 白
那 些 只 是 虛 名 而 己
就 好 像 浮 雲 一 祥
好 了 … 大 夥 小 心 點
大 家 握 握 手
好 球 ！
救 命 …
三 師 兄 ！
呼 叫 基 地 ， 突 然 間 受 到 密 集 火 力 攻 擊
要 求 馬 上 增 援 …
要 求 馬 上 增 援 ！
起 來 起 來
起 來 ！
快 點 起 來 ！
快 點 起 來 ！
你 幹 什 麼 ？
他 們 賴 皮 呀 ， 教 練
快 點 吹 哨 呀 ！
我 是 球 證 ， 我 不 吹
那 是 什 麼 意 思 ？ 要 我 們 去 送 死 嗎 ？
你 ， 出 場 ！
你 瘋 啦
這 是 一 個 考 驗
如 果 他 們 連 這 一 關 都 過 不 了
以 後 就 不 要 再 說 踢 球 啦
這 不 過 是 踢 球 ， 你 以 為 打 仗 嗎 ？
真 正 的 比 賽 ， 就 是 打 仗
投 降 啦 ！ 投 降 啦 ！
投 降 啦 ！ 我 投 降 啦 ！
我 投 降 啦 ！
你 敢 來 找 我 比 賽
現 在 還 沒 進 球 你 就 想 撤 退
這 不 是 惹 我 發 火 嗎 ？
我 不 行 了 ， 我 的 腰 快 斷 了
我 求 你 可 憐 可 憐 我
讓 我 去 看 醫 生
戴 頭 上
幾 十 歲 的 人 ， 你 看 你 多 賤
你 沒 尊 嚴 ？
我 不 想 看 見 你
快 點 戴 上 它 ， 然 後 去 看 醫 生
我 是 很 賤 ， 我 沒 尊 嚴 ， 拿 來
大 師 兄 回 來 了
你 說 什 麼 ？
我 感 覺 到 ， 全 都 回 來 了
還 有 沒 有 傢 伙 ？ , 沒 有
幹 掉 他 們 ！
這 都 不 進
救 命 啊
全 靠 你 ， 我 們 纔 有 發 揮 的 機 會
歡 迎 各 位 師 兄 弟 歸 位 ！
謝 謝 你
你 們 不 用 客 氣
我 要 謝 謝 你 們 大 家
這 次 我 發 財 啦 ！ 多 謝 …
我 們 認 輸 了 ， 求 求 給 次 機 會
讓 我 們 加 入 你 的 球 隊
求 求 你 啦 …
給 次 機 會 …
這 麼 驚 人 的 爆 炸 力
魔 鬼 隊 拿 世 界 冠 軍 是 早 晚 的 事
你 說 誰 ？
死 瘸 子 ？
為 什 麼 不 可 以 ？ , 不 好 意 恩 ， 先 生
小 妹 妹 ， 我 踢 球 時 你 還 沒 出 生 呢
什 麼 不 好 意 恩 ？ , 我 們 負 責 人 不 在
黃 金 右 腳 ！
你 又 在 這 裏 呀 ？
雄 哥 ！ , , 雄 哥 ， 他 …
行 了 …
雄 哥 ， 我 想 帶 我 的 球 隊 來 參 賽
公 開 賽 嘛 ， 人 人 都 有 權 參 賽 的
不 是 人 人 都 有 權
我 是 委 員 會 主 席
我 說 有 權 ， 你 纔 有 權
明 白 嗎 ？ , 明 白
你 那 隊 是 什 麼 隊 ？
來 ， 過 來 …
叫 雄 哥 叫 雄 哥
雄 哥 ！
這 隊 簡 直 是 極 品 啊 ！
我 真 的 很 想 看 看
什 麼 名 堂 ？
這 隊 叫 少 林 足 …
隨 便 …
你 快 去 報 名 ， 我 真 的 很 想 見 識 一 下
有 沒 有 報 名 費 ？ 我 來 付
多 謝 ， 多 謝
無 所 謂 ， 我 和 你 是 兄 弟 嘛 ， 死 瘸 子
我 的 鞋 又 有 點 髒 了
白 色 容 易 髒
那 應 該 怎 麼 辦 呢 ？
我 幫 你 擦 …
清 潔 我 拿 手 ， 讓 我 來
粗 活 我 來 …
讓 我 來 …
嗨 嗨
你 幹 嘛 ？
你 是 誰 ？
你 要 帶 我 去 哪 ？
你 幹 嘛 不 講 話 ？ 我 回 去 了
怎 麼 這 麼 久 ？
對 不 起 ， 等 一 下 就 好 ， 很 快
試 試 看 試 試 看
不 … 我 是 看 用 什 麼 材 料 他 的
那 摸 摸 看
會 把 它 弄 髒 的
沒 關 係 ， 來 , , 不 …
摸 吧 ， 來 … , , 不 用 了
怎 麼 樣 ？ , 挺 滑 的
我 送 給 你 , 摸 了 就 可 以 了
我 告 訴 你 ， 我 明 天 要 去 踢 足 球 了
是 嗎 ？
我 一 定 會 紅 透 半 邊 天 的
但 如 果 當 時 沒 有 你 幫 我 把 這 雙 鞋 補 好
可 能 我 就 不 會 踢 球 了
你 對 我 多 重 要 ， 你 知 道 嗎 ？
你 喜 歡 什 麼 全 告 訴 我
我 很 快 就 可 以 送 給 你 了
你 要 是 紅 了 ， 就 送 我 一 雙 球 鞋 吧
這 個 太 沒 問 題 了
但 是 我 覺 得 你 也 應 該 有 點 自 信
其 實 你 很 漂 亮 的 ， 武 功 又 高 強
簡 直 是 完 美 呀
但 是 你 不 要 老 把 頭 髮 擋 住 自 己 嘛
來 …
來 吧 ， 看 著 我 … , 不 要 …
看 著 我
你 看 ， 多 漂 亮
真 的 嗎 ？
真 的 嗎 ？
是 蒼 蠅 嗎 ？
是 ， 還 沒 打 到
打 到 了 嗎 ？
打 到 了
對 不 起 ， 把 你 的 手 都 弄 髒 了
沒 事 沒 事
你 是 最 漂 亮 的 ， 知 道 嗎 ？
你 知 道 嗎 ？
知 道 ， 知 道 了
我 真 的 很 感 謝 你 呀
你 知 道 嗎 ？
你 去 哪 啦 ？
你 答 應 幫 我 洗 地 ， 才 讓 你 帶 妞 來 威 風
別 看 那 麼 久 ， 背 黑 鍋 了 ， 快 幹 活
你 先 走 吧 ， 我 再 找 你
好 吧 ？
要 有 自 信 ， 你 是 最 好 的 ， 知 道 嗎 ？
我 喜 歡 你 的 衣 服 呀
我 喜 歡 你 的 襪 子
不 如 我 們 交 換 穿 , 好 …
別 玩 啦 臭 小 於 ， 沒 見 過 大 場 面 嗎 ？
放 鬆 點 ， 就 像 平 時 練 球 一 樣 就 行 了
一 會 兒 會 有 很 多 觀 眾 和 記 者
對 記 者 ， 記 著 要 笑
讓 他 們 給 我 們 拍 照
和 羣 眾 熱 情 打 招 呼 ， 多 謝 大 家 的 支 持
多 謝 …
多 謝 ！
多 謝 你 們 的 支 持 ！
多 謝 ！
是 掃 地 的
掃 地 的 不 是 觀 眾 嗎 ？
多 謝 你 們 ！
不 要 吵 啦 ！
這 場 子 這 麼 小 還 空 空 的 ， 你 不 是 說 …
週 邊 賽 是 這 樣 的 啦
所 以 我 們 要 努 力 ， 踢 入 決 賽
好 ！ 踢 入 決 賽 ！ , 不 要 吵 啦 ！
少 林 足 球 隊 …
看 這 個 ， 看 這 個
看 那 個 ， 看 那 個
幹 什 麼 ？
不 能 抽 煙 ？
幹 什 麼 ？
沒 理 由 ， 是 幻 覺
你 幹 什 麼 ？
不 用 怕 ， 全 是 幻 覺
看 來 我 們 豆 腐 金 剛 隊 要 出 真 功 夫 了
好 ！
你 又 幹 什 麼 ？
你 們 不 要 這 樣 ， 我 想 踢 球 啊
雄 哥 ， 電 話
都 是 幻 覺 ， 嚇 不 倒 我
什 麼 ？ 四 十 比 零 ！
好 棒 啊
進 吧 ！ 鐵 頭 功 啊 ！
沒 錯 ， 我 們 學 的 是 少 林 武 功
少 林 武 功 的 確 是 棒
我 們 很 低 調 的 … , 還 有 …
我 要 多 謝 我 的 父 母 和 師 父
雖 然 他 們 已 經 過 身 了
我 還 要 多 謝 我 的 好 朋 友 阿 梅
阿 梅 … 是 我 呀 ， 阿 梅
你 怎 麼 樣 ？ 吃 了 飯 沒 有 ？
靚 女 ， 找 我 呀 ？
我 想 …
不 用 說 了 ， 放 心 交 給 我 吧
可 不 可 以 現 場 給 我 們 觀 眾 表 演 一 下 ？
可 以 … 肥 仔 聰 ！
1 、 2 、 3 ！
好 ！
能 不 能 再 來 一 次 ？
再 來 一 次 , 可 以 大 師 兄 ， 來 …
慢 點 ， 慢 點 ， 不 用 急
各 位 師 兄 弟 ， 從 今 天 開 始
我 們 要 跟 這 堆 爛 鞋 講 拜 拜
你 們 不 要 亂 扔 東 西 好 不 好 ？
對 不 起 …
阿 梅 ？
幹 嘛 ？
你 今 天 好 精 靈 呀
少 許 吧
不 少 了 ， 好 厲 害 呀
好 看 嗎 ？
告 訴 你 一 個 好 消 息
我 們 贏 了 球 賽 ， 你 知 道 嗎 ？
我 知 道 ， 在 電 視 上 都 看 到 你 們 了
恭 喜 你
送 給 你
謝 謝 你
我 先 介 紹 我 的 朋 友 給 你 ， 來
嘩 ！ 好 厲 害 ！
給 你 們 介 紹 一 個 朋 友
你 是 人 還 是 鬼 ？
她 是 自 己 人 來 的
嫂 子 是 吧 ？ , 不 是
我 常 跟 你 們 說 ， 做 太 極 饅 頭 的 阿 梅 呀
就 是 她
嫂 子 是 極 品 呀
她 真 是 極 品 呀
看 得 出 來 看 得 出 來
整 塊 牀 板 放 在 肩 上 ， 我 從 來 沒 見 過
我 花 兩 個 晚 上 才 做 兩 塊
兩 塊 呀
這 麼 晚 了 ， 你 不 要 把 嫂 子 帶 出 來 嘛
把 人 家 都 嚇 死 了
不 怕 不 怕
做 場 法 事 ， 我 想 沒 事 吧
穩 當 點 ， 把 她 綁 起 來 扔 下 海 算 了
你 以 後 不 吃 魚 了 ？
你 們 不 要 取 笑 ， 她 是 女 孩 子 呀
沒 關 係 … 隨 便 …
她 雖 然 是 女 孩 子 ， 但 挺 能 玩 的
阿 梅 ， 擺 個 性 感 姿 勢 給 大 家 看 看
還 有 沒 有 ？
幹 嘛 ？ 別 碰 我
生 氣 了 ？
沒 生 氣 沒 生 氣
那 你 …
對 不 起 對 不 起
開 開 玩 笑 嘛
我 知 道 ， 開 玩 笑 嘛
對 不 起 ， 真 的 ， 我 沒 什 麼
你 不 要 這 樣 子 嘛
那 你 為 什 麼 要 這 樣 ？
你 不 要 再 碰 我
老 闆 娘 …
你 搞 什 麼 鬼 ？ 我 剛 出 去 打 一 會 麻 將 …
你 看 你 把 自 己 搞 得 人 不 像 人 鬼 不 像 鬼
你 要 不 要 臉 ？ 害 不 害 臊 ？
夠 了 夠 了
阿 梅 喜 歡 怎 樣 有 她 自 己 的 權 利
你 … 你 可 以 尊 重 別 人 嗎 ？
我 覺 得 她 今 天 很 漂 亮
你 說 她 不 漂 亮 ？
你 不 要 太 過 份
我 罵 她 關 你 們 什 麼 事 ？
你 們 是 什 麼 狗 東 西 ？
他 們 是 我 的 朋 友
他 們 說 的 也 是 我 想 說 的
我 覺 得 我 現 在 很 漂 亮
我 也 很 喜 歡 我 現 在 這 個 樣 子
你 要 是 不 喜 歡 看 ， 你 可 以 走 開
你 知 不 知 道 自 己 在 跟 誰 說 話 ？
我 在 跟 你 說 話
你 是 個 沒 有 人 情 味 的 老 闆 娘
他 媽 的 他 媽 的
你 … 你 敢 打 我 ？ , 你 …
你 造 反 啦 ！
你 以 為 自 己 是 誰 ？
我 就 是 我
我 是 阿 梅 ！
我 … 我 告 訴 你 媽 去 ！
阿 梅 ， 好
阿 梅 ， 我 們 只 是 開 玩 笑 ， 你 別 見 怪
你 剛 才 那 個 姿 勢 好 漂 亮 呀
真 的 嗎 ？
我 覺 得 …
我 今 天 特 別 不 像 以 前 的 阿 梅
是 呀
現 在 的 阿 梅 已 是 一 個 很 有 自 信 的 女 孩
我 想 跟 你 說 件 事
什 麼 事 ？
我 喜 歡 你
我 也 喜 歡 你 呀
那 我 們 之 間 是 愛 情 嗎 ？
你 …
你 是 開 玩 笑 吧 ？
我 是 認 真 問 你 ， 真 的
那 當 然 不 是 愛 情
我 們 永 遠 都 是 好 朋 友 嘛
那 不 是 更 好 嗎 ？
沒 什 麼 沒 什 麼
那 … 你 以 後 也 可 以 常 常 來 找 我
鞋 子 破 了 ， 我 還 可 以 幫 你 補
不 用 了 ， 鞋 子 破 了 ， 我 就 把 它 扔 掉
我 們 都 要 向 前 看 嘛
我 永 遠 都 不 要 再 穿 破 鞋 子 了
你 不 要 這 樣 子
幹 嘛 ？ 你 哭 了 ？
你 不 要 這 樣 子
我 明 白 了
謝 謝 你
來 來 來 ， 大 家 一 塊 喝 酒 吧
嫂 子 ， 你 今 天 好 漂 亮
來 ， 乾 杯
贏 了 這 一 場 ， 我 們 就 打 入 決 賽
決 賽 決 賽
千 萬 不 要 輕 敵
輕 敵 輕 敵
我 們 玉 面 雙 飛 龍 可 不 是 浪 得 虛 名 的
想 入 決 賽 ， 先 問 我 們
有 沒 有 這 麼 快 呀 ？
吊 鋼 絲 是 吧 ？
雄 哥 ， 早
早 ！
來 ， 過 來 坐
你 這 臭 小 於 ， 運 氣 還 真 不 錯
居 然 讓 你 找 到 這 隊 絕 活
過 獎 ， 過 獎
其 實 你 那 些 什 麼 鐵 頭 功 、 心 口 碎 大 石
全 都 是 三 腳 貓 的 功 夫
居 然 可 以 打 入 球 場
有 兩 下 子 ， 不 錯
閒 話 少 說 閒 話 少 說
決 賽 那 天 別 踢 了 ， 全 隊 過 來
這 次 可 不 是 空 頭 支 票
你 可 以 兌 了 現 金 再 簽 合 約
這 麼 大 筆 數 目 …
真 是 打 斷 腿 都 花 不 完
當 然 ， 我 和 你 是 兄 弟 嘛
謝 了 ， 雄 哥
但 是 ， 我 怕 受 不 起
什 麼 意 思 ？ 你 以 為 我 會 怕 你 ？
我 看 你 那 隊 有 點 意 思 ， 想 一 起 搞 大
做 人 要 心 胸 廣 闊 ， 向 前 看
不 要 老 記 仇 ， 好 嗎 ？
雄 哥 ， 我 真 的 沒 記 仇
年 輕 時 不 懂 事 ， 一 切 都 是 因 果 報 應
你 少 給 我 裝 蒜
我 早 把 你 看 透 了 ， 你 會 不 貪 ？
真 的 讓 你 看 透 了
不 單 是 我 ， 我 整 隊 人 都 貪
但 是 不 是 這 張 支 票
是 全 國 冠 軍
球 場 見
等 等 ！ 等 等 ！ 謝 謝 …
阿 梅 阿 梅
死 掉 啦 ！
她 怎 麼 死 的 ？
被 我 打 死 的 ！
我 不 信 ！
阿 梅 武 功 那 麼 好 ， 憑 你 打 死 她 ？
她 一 定 死 得 很 冤 枉 的
那 你 想 怎 麼 樣 ？
我 要 幫 她 報 仇
傻 啦 ， 我 跟 你 開 玩 笑 的
她 沒 死 不 過 她 不 在 這 兒 做 了
為 什 麼 ？
我 們 這 兒 明 明 叫 “ 甜 在 心 饅 頭 ” 嘛
不 知 道 那 個 傻 丫 頭 為 什 麼 突 然 間
做 的 饅 頭 又 苦 又 鹹
客 人 都 不 來 了
我 也 是 被 迫 才 炒 她 的 呀
又 苦 又 鹹 ？
是 呀
這 位 大 俠 貴 姓 ？ 找 她 有 什 麼 事 ？
沒 事 了
時 間 差 不 多 啦
老 闆 ， 今 天 打 算 贏 多 少 球 ？
贏 不 一 定 非 要 進 球
我 還 有 更 刺 激 的 方 法
不 可 能
想 不 到 美 國 這 種 新 藥 這 麼 厲 害
還 有 球 證 、 旁 證 …
加 上 主 辦 、 協 辦 所 有 的 單 佐
全 都 是 我 的 人
怎 麼 和 我 鬥 ？
沒 問 題 ！
好 棒 ！ , , 太 棒 啦
太 神 啦
界 外 球 界 外 球
當 頭 踢 過 去 根 本 是 蓄 意 傷 人
你 判 界 外 球 ， 怎 麼 做 球 證 的 ？
強 雄 ， 你 是 踢 球 還 是 打 人 ？
我 是 打 人 ， 怎 麼 樣 ？
我 要 把 你 全 隊 的 人 打 得 像 你 一 樣 殘 廢
殘 廢 ！ 殘 廢 …
跟 我 鬥 ？
不 好 意 恩 各 位 ， 我 要 歇 一 會 了
不 要 緊 的 ， 你 只 是 人 離 開
精 神 永 遠 都 會 在 這 裏
全 都 讓 開 ！ 我 來
六 師 弟
有 沒 有 搞 錯 ？ 這 樣 子 都 不 吹
上 半 場 已 經 踢 得 半 死 了
下 半 場 還 怎 麼 踢 呀 ？
回 家 吧 ！ 下 半 場 沒 得 踢 啦 ！
沒 什 麼 好 看 的 啦
要 不 要 一 會 我 下 去 跳 舞 撐 撐 場 面 ？
跳 舞 也 輪 不 到 你 跳 ， 我 跳 ！
你 們 這 羣 王 八
讓 開 讓 開
你 們 一 定 不 想 踢 了 ！
誰 呀 ？ 誰 呀 ？
有 沒 有 人 見 到 ？
有 種 當 我 面 打 我 ！
別 太 使 勁 了
我 夠 賴 皮 了 ， 他 們 比 我 還 下 流
想 不 到 我 鐵 頭 功 一 世 英 名
臨 老 被 人 開 了 花
豈 有 此 理 ， 我 早 就 知 道 強 雄 會 出 陰 招
想 不 到 他 玩 得 這 麼 過 份
魔 鬼 隊 沒 這 麼 厲 害
肯 定 是 打 了 針 或 者 吃 了 藥
報 警 把 他 們 抓 起 來 ！
我 不 管 他 們 吃 了 什 麼
我 們 都 要 盡 力 踢 下 去
最 後 我 們 一 定 會 贏 的 ！
我 家 突 然 著 火 了 ， 我 先 走 了
對 不 起 ， 我 媽 突 然 早 產
我 一 定 要 回 去 幫 忙
拜 託 叫 你 媽 晚 點 早 產
球 踢 了 一 半 怎 麼 可 以 走 呢 ？
這 哪 是 踢 球 ？ 要 命 的 ！
拜 託 ， 我 求 求 你 不 要 走 呀
我 求 你 ， 你 不 要 求 我 了
讓 我 走 吧
冷 靜 點 …
冷 靜 點 ！
沒 錯 ， 他 說 得 對
無 論 任 何 情 況 我 們 都 要 踢 完 這 場 比 賽
現 在 我 們 只 剩 下 八 個 人
如 果 再 有 任 何 人 受 傷 離 場
這 場 球 我 們 就 會 輸 了
他 們 的 殺 人 射 球 ， 我 們 一 定 要 頂 住
怎 麼 頂 ？ 你 頂 一 球 我 頂 三 球 ？
你 說 什 麼
冷 靜 點 …
冷 靜 點 ！
別 吵 啦
不 知 道 我 能 不 能 頂 住 ？
少 林 羅 漢 陣
擺 陣 呀 ？
不 堪 一 擊 不 堪 一 擊
頂 得 住 嗎 ？ , 頂 得 住
阿 珍 阿 珍
田 雞 ？ , , 是 呀
這 二 十 年 來 …
有 句 話 一 直 埋 在 我 心 裏
其 實 … 我 愛 你
我 們 這 樣 是 不 是 有 點 殘 忍 ？
不 是 , 不 是 ？
那 就 再 殘 忍 一 點
兄 弟 ， 上
不 會 吧 ？
小 心 點 ！ 兩 個 上
盯 住 呀
有 沒 有 搞 錯 ？
繼 續 ！ 你 死 了 沒 有 ？ 別 裝 蒜 啦
這 都 騙 不 倒 你 呀 ？ 沒 事
時 間 不 多 了 ， 出 絕 招
絕 招 ？
早 就 叫 你 回 家 了
還 在 這 兒 給 我 拖 延 時 間
還 在 這 兒 給 我 拖 延 時 間
少 林 隊
你 們 現 在 只 剩 下 七 個 人
如 果 你 們 沒 有 後 備 球 員 上 場
我 就 要 正 式 終 止 這 場 比 賽
判 你 們 少 林 隊 輸 了
還 有 沒 有 後 補 ？
恭 喜 … 謝 謝
還 有 我
我 是 少 林 隊 的 後 補
我 來 當 守 門 員
你 怎 麼 弄 得 跟 外 星 人 一 樣 ？
我 不 會 剪 頭 髮 ， 剃 光 了 比 較 快 點
你 來 幹 什 麼 ？
我 想 幫 你 們 比 賽
你 怎 麼 幫 呀 ？
你 快 點 回 火 星 吧
地 球 是 很 危 險 的
我 真 的 很 想 幫 你 呀
你 相 信 我 ， 讓 我 試 一 下 吧
不 行 ！ , , 真 的 ， 你 看 看 …
你 的 鞋 都 破 了
穿 這 個 吧
在 那 邊
上 去 上 去
好 ！
小 心 啊 ！
怎 麼 會 這 樣 ？
怎 麼 會 這 祥 ！
老 闆 ， 你 小 心 呀
我 小 你 老 母
老 闆 老 闆
老 闆 …
少 林 精 神 戰 勝 魔 鬼 勇 奪 全 國 足 球 冠 軍
魔 鬼 隊 服 用 禁 藥 終 生 停 賽
班 主 強 雄 入 獄 五 年
停 車 ！ 等 等 ！
明 白 嗎 ？
你 在 做 什 麼 ？ 你 們 在 這 裏 幹 什 麼 ？
不 知 道 呀
不 知 道 ？ 我 剛 才 說 得 很 清 楚
全 部 散 開 ， 散 開
救 命 呀 ， 救 命 呀
你 好 棒 呀 ， 為 什 麼 你 那 麼 本 事 ？
你 別 靠 那 麼 近 ， 喂 …
喂 …
死 了 ？
是 呀 ， 死 了 ， 死 了
Sir Sir
Sir Sir
報 告 ， 任 務 已 經 順 利 完 成
周 星 星 ， 你 的 手 下 呢 ？
全 都 死 了
我 們 要 的 是 指 揮 官 ， 是 團 隊 合 作
不 是 獨 行 獨 斷 ， 不 是 Rambo
報 告 ， 人 質 已 經 順 利 獲 救
拯 救 行 動 只 是 這 次 考 試 的 其 中 一 個 項 目
最 重 要 的 是 你 部 下 的 安 全
和 你 的 領 導 能 力 ， 但 是 我 一 點 也 看 不 到
Sir ， 給 一 次 機 會 吧
你 做 什 麼 ？
你 做 什 麼 ？
不 要 呀
Sir ， 請 求 你 再 考 慮 多 一 會 兒 ， 好 嗎 ？
喂 ， 誰 呀 ？
是 是
Yes   Sir ， 上 頭 想 見 你
Yes   Sir
早 ， Sir ， 周 星 星 報 到
活 該 ， 還 那 麼 青 靚 白 淨
轉 個 圈 給 阿 Sir 看 看 ， 不 用 害 羞 ， 來 啊
情 不 自 禁 ， 真 是 不 好 意 思
想 不 想 升 職 ？
我 不 想 做 鴨 ， Sir
我 問 你 想 不 想 升 職
我 是 不 會 做 鴨 的
答 非 所 問 ， 我 問 你 想 不 想 升 職 呀
想 ， 但 是 我 是 不 會 出 賣 自 已 的 貞 操
誰 要 你 的 貞 操 ， 我 要 你 的 青 春
青 春 對 於 我 來 說 和 貞 操 一 樣 那 麼 重 要
行 了 … 我 知 道 了 ， 你 先 聽 我 說 完
這 件 事 是 這 樣 的
有 一 天 有 班 學 生 來 警 署 參 觀
參 觀 完 之 後 ， 就 發 覺 不 見 了 一 支 槍
失 槍 事 件 經 常 都 有 發 生 嘛 ， Sir
但 是 ， 這 支 槍 是 我 的
我 真 是 替 你 傷 心
你 知 道 就 好 ， 這 支 槍 陪 了 我 三 十 幾 年
一 槍 都 未 曾 開 過 ， 只 是 用 來 抓 癢
講 起 來 都 有 點 癢 了 ， 來 ， 幫 我 抓 抓
- 背 脊 是 嗎 ？ , - 是
它 簡 直 是 一 枝 善 良 的 槍
槍 也 有 善 良 的 ？
它 本 性 善 良 ， 但 是 最 怕 落 在 壞 學 生 身 上
就 少 不 免 會 濫 殺 無 辜 ， 塗 炭 生 靈
放 心 吧 ， Sir
我 實 行 摷 起 成 間 學 校
直 至 幫 你 找 回 那 支 失 槍 為 止
摷 得 起 還 用 得 著 找 你 呀
我 快 退 休 了 ， 現 在 不 見 了 那 支 槍
讓 人 知 道 ， 我 還 用 見 人 嗎
所 以 要 你 混 入 那 間 學 校 裏
Sir ， 教 書 我 沒 有 信 心
沒 人 叫 你 扮 教 師 ， 扮 學 生 而 已
扮 學 生 ？
我 當 年 就 是 因 為 最 討 厭 讀 書 ， 才 加 入 警 隊
我 不 可 以 扮 學 生 呀 ， Sir ， 你 這 麼 做
等 於 帶 我 去 一 個 充 滿 毒 蛇 猛 獸 火 山 口 上 面
不 理 我 的 哭 叫 ， 不 理 我 的 哀 號
狠 狠 地 、 毫 無 憐 憫 地 ， 用 腳 一 伸 將 我 …
推 下 去 火 紅 的 巖 漿 裏 面
你 這 麼 做 又 於 心 何 忍 呢
這 不 更 好 ， 讓 你 活 得 豐 富 ， 死 得 精 彩
你 不 用 說 ， 吟 詩 也 吟 不 掉 的 了
這 兒 有 個 傳 呼 機 手 錶 ， 你 帶 上 它
見 到 「 6 6 6 」 ， 就 是 我 找 你
還 有 ， 講 一 次 「 早 ， Sir 」 給 我 聽 聽
早 ， Sir
非 常 好
記 住 千 萬 別 讓 人 知 道 ， 不 然 一 鍋 熟 了
看 看 你 們 還 敢 不 敢 遲 到
看 什 麼 看 ？
「 校 規 」
不 用 看 了 ， 遲 點 就 來 得 背 了
這 個 不 就 是 新 來 那 個
又 大 隻 ， 正 大 舊 衰 ， 哪 班 的 ？
會 不 會 是 我 們 那 班 的
我 想 不 會 吧
周 星 星 ， 我 是 這 間 學 校 的 訓 導 主 任 林 作 棟
有 蚊 子 呀
你 是 英 倫 中 學 轉 過 來 的
那 兒 只 出 垃 圾 ， 不 知 所 謂
我 不 管 你 家 裏 跟 校 董 會 有 什 麼 關 係
我 們 愛 丁 堡 是 最 好 的 學 校 ， 出 最 好 的 學 生
我 不 能 夠 容 忍 有 害 羣 之 馬
你 如 果 不 聽 話 ， 我 就 趕 你 出 校
清 楚 沒 有 ？
Yes   Sir
很 有 趣 嗎 ？ 帶 他 進 課 室
跟 我 回 課 室
大 約 在 1 9 8 7 年
有 一 項 南 極 上 空 進 行 的 觀 察
就 證 實 了 南 極 上 空 出 現 了 一 個 臭 氧 洞
強 烈 的 紫 外 光 對 於 生 物 是 有 害 的
輕 則 令 到 生 物 的 遺 傳 基 因 發 生 突 變
重 則 會 殺 死 被 照 射 的 細 胞
植 物 亦 因 而 枯 萎
紫 外 光 亦 可 以 透 射 入 深 海
我 無 自 由 ， 失 自 由 ， 傷 心 痛 心 眼 淚 流
你 話 行 錯 路 ， 我 叉 錯 步 ， 此 餐 心 傷 透
誰 敢 襲 警 ？
什 麼 呀 ？ 襲 什 麼 警 呀 ？
你 呀 ， 把 粉 刷 拿 出 來
我 不 管 你 新 來 的
上 我 堂 縱 橫 四 海 似 的 幹 什 麼 ？
老 師 有 自 尊 的 ， 上 堂
好 啦 ， 我 們 現 在 講 到 大 氣 層
大 氣 層 可 以 分 很 多 層
「 忍 一 時 風 平 浪 靜 」
「 退 一 步 海 闊 天 空 」
最 接 近 地 面 那 層 ， 我 們 稱 之 為 對 流 層
在 地 面 對 上 一 萬 五 千 至 五 萬 公 尺 高 空
我 們 又 稱 之 為 停 留 層
「 明 代 刑 法 」
明 代 最 講 刑 法 ， 一 律 要 嚴 刑 對 待
尤 其 是 欺 君 犯 上 、 糾 黨 結 社 、 潛 偽 窺 私
黃 小 龜
鄭 Sir ， 到 底 什 麼 叫 潛 偽 窺 私 ？
潛 偽 ， 就 是 現 在 的 臥 底
俗 語 所 謂 的 二 五 仔
這 種 人 ， 是 要 行 宮 刑 的
宮 刑 ？
切 那 話 兒 呀 ， 小 朋 友
切 多 少 呀 ？
那 要 看 你 有 多 少 了
又 帶 錯 書 了 ， 真 沒 記 性
真 沒 記 性
什 麼 聲 音 ？
這 位 同 學 ， 剛 才 幸 虧 有 你 ， 出 來 幫 幫 我 忙
來 … 快 點 …
活 該 活 該
那 位 同 學 ， 笑 得 那 麼 開 心 ， 你 也 出 來
來 …
你 叫 什 麼 名 字 ？
周 星 星 周 星 星
你 呢 ？
黃 小 龜
你 叫 什 麼 名 字 ？
周 星 星 呀
你 呢 ？
黃 小 龜
這 位 同 學 ， 叫 什 麼 名 字 ？
周 星 星 周 星 星
現 在 我 們 開 始 了 ， 周 星 星 同 學
現 在 我 們 這 個 實 驗 比 較 複 雜
我 們 一 定 要 記 住 每 一 個 步 驟
如 果 沒 記 性 ， 就 很 危 險 的 了
對 不 起 ， 你 說 這 個 實 驗 最 主 要 是 …
記 性 記 性
要 不 然 就 會 …
很 危 險 呀
停 停
下 來 呀
你 ， 走 開
請 你 先 下 來
你 做 什 麼 ？ 你 是 誰 呀 ？ 關 你 什 麼 事 呀
請 你 讓 一 讓 ， 下 去 吧
你 拉 我 下 來 幹 嗎
你 現 在 站 在 我 肚 皮 上
別 走 呀 ， 自 已 人 ， 有 密 碼 的
密 碼 ？
雞 , , , 龜 , , , 骨 , , , 滾 , , , 匙
又 說 是 密 碼 ？
雞 , , , 龜 , , , 骨 , , , 滾 , , , 匙
什 麼 呀 ？ 密 碼 呀
糟 了 ， 沒 一 個 正 常 ， 這 兒 ， 別 擋 著 我
別 爬 出 去 ， 你 不 可 以 從 這 兒 爬 出 去 的
你 不 能 夠 從 這 兒 爬 出 去
OK … 我 從 正 門 出 去
正 門 也 不 行 …
幹 什 麼 ？
沒 什 麼 … 這 位 同 學 突 然 傻 了
是 呀 ， 我 傻 了 ， 我 想 回 家 呀
幹 什 麼 ？
對 不 起 ， Sir
別 擋 著 我 ， 謝 謝
讓 一 讓 ， 謝 謝
請 你 讓 一 讓 ， 我 想 走
你 沒 事 吧 ？
我 很 不 舒 服 ， 我 想 回 家
請 你 讓 開 點 ， 讓 條 路 給 我 走 ， 謝 謝
你 不 舒 服 呀 ？
是 是
跟 我 來 吧
看 看 有 沒 有 發 燒
你 沒 燒 呀
有 呀
沒 有 ， 你 自 已 看 看
這 支 探 熱 針 是 沒 有 ， 但 是 我 有 嘛
我 好 悽 涼 ， 真 是
你 讓 我 看 看 眼 晴
向 下 望
向 上 呀
向 左 呀
你 眼 珠 不 會 動 的 ？
發 燒 呀 ， 動 不 了
你 詐 病 吧 ？
我 是 何 老 師 ， 我 不 是 教 你 那 班 的
但 是 我 負 責 你 們 班 的 輔 導 工 作
你 現 在 先 回 課 室
有 什 麼 問 題 ， 隨 時 來 找 我 ， 乖 啦
是 不 是 一 個 不 小 心 掉 了 你 的 筆 盒 ， 就 惱 了
不 是 呀 … 不 好 呀 …
我 現 在 好 怕 呀
那 這 次 賠 多 少 錢 呀 ？
我 怎 麼 知 道 ， 看 看 你 的 表 現
只 有 三 百
我 不 怕 了
如 果 讓 我 知 道 你 身 上 還 有 錢
我 就 不 扔 你 的 筆 盒 ， 扔 掉 你
知 道 了
好 了 … 救 星 到 了
你 別 誤 會 ， 我 不 是 幫 你 ， 更 不 會 幫 你
更 加 不 是 你 的 救 星 ， 千 萬 要 弄 清 楚 纔 好
你 行 ， 你 那 麼 醜 樣
以 後 他 們 只 是 掛 著 欺 負 你 ， 不 會 欺 負 我 了
謝 謝 了
周 Sir ， 我 記 得 密 碼 了
密 碼 是 東 凍 凍 東 東 ， 是 嗎
- 真 是 你 呀 , - 是 呀
早 點 說 嘛
剛 才 我 不 記 得 密 碼 嘛
周 Sir
我 是 CID5798 ， 我 是 派 來 接 應 你 的
你 手 震 先 回 家 休 息 一 會 兒
不 是 ， 不 是 手 震 ， 是 柏 金 遜 病
我 假 裝 的 ， 這 樣 子 不 用 做 那 麼 多 事
周 Sir ， 上 頭 叫 你 先 去 我 家 裏 住
咬 住 棒 子 有 什 麼 意 思 ？
戒 煙 戒 煙
喂 … 何 老 師 ， 你 別 妄 想 呀
她 男 朋 友 是 反 黑 組 幫 辦 ， 知 道 嗎 ？
你 說 什 麼 ？
什 麼 ？
我 是 看 坐 在 欄 杆 上 叼 著 煙 那 小 子
Johnny 仔 是 嗎 ？
怎 麼 樣 ？
畢 架 山 四 虎 的 大 哥
他 大 哥 很 厲 害 的 ， 叫 做 大 飛
老 大 失 槍 哪 件 事 ， 他 嫌 疑 最 大
盯 住 ， 盯 住 他
走 走
大 哥 大 哥
你 這 混 蛋 ， 出 這 個 餿 主 意
大 哥 大 哥
現 在 被 人 追 數 ， 利 疊 利 呀
走 粉 就 走 粉 ， 搞 什 麼 走 私 軍 火 嘛
你 說 ， 伊 拉 克 打 仗 ， 軍 火 可 以 賺 更 多 錢 嘛
那 你 勸 我 嘛
現 在 拿 著 AK47 ， 都 不 知 幹 什 麼
手 槍 還 可 以 打 劫
Johnny 仔 來 了 嗎 ？
不 早 點 跟 我 說
這 小 子 很 囂 張
囂 張 ？ 有 錢 當 然 囂 張 啦 ， 你 有 錢 也 可 以 的
來 了 ， 進 來 吧
喂 ， 風 水 魚 呀 ， 別 搞
有 怪 莫 怪
怎 麼 樣 ？
你 現 在 很 囂 張 啊
放 心 啦 ， 我 爸 爸 去 了 遊 埠
車 子 到 了 深 圳 他 都 還 沒 回 來
看 看 吧
是 呀 ， 順 便 把 我 大 哥 那 兩 部 車 賣 的 錢 給 我
人 家 過 數 了 我 才 能 給 你 呀
不 是 那 麼 等 錢 用 吧
什 麼 不 等 錢 用
在 學 校 收 來 收 去 ， 還 不 夠 去 兩 晚 卡 拉 OK
早 兩 天 我 撿 到 個 好 東 西 ， 你 看 看 合 不 合 用
我 們 很 辛 苦 才 從 警 察 學 校 撿 來 的
警 槍 呀
各 位 大 哥 ， 每 人 有 三 支 ， 千 萬 別 爭 吃 呀
你 老 爸 的 神 位 呀
我 也 想 呀 ， 有 那 麼 多 老 爸 我 還 用 做 嗎 ？
這 些 全 部 都 是 我 以 前 的 拍 檔
有 面 吃
要 吃 自 已 煮 吧
不 是 吧 ， 吃 自 已
還 行
吃 自 已 犯 法 嘛
你 說 有 幾 個 拍 檔 ？
九 個 九 個
怎 麼 有 十 個 神 主 牌 ？
當 然 要 預 多 一 個 半 個 的
當 然 要 預 多 一 個 半 個 的
看 看 誰 不 好 運 來 我 這 兒
有 用 也 好 ， 沒 用 也 好 ， 以 備 不 時 之 需
你 不 介 意 吧 ？
什 麼 介 不 介 意 ， 你 說 什 麼 呀 ？
不 明 白 呀
不 明 白 還 好 …
英 年 早 逝 英 年 早 逝
你 吃 麵 ， 我 上 街 吃 飯
記 得 做 功 課 呀 ， 明 天 還 要 上 學 的
- 頂 你 的 肺 , - 不 要 頂 …
沒 什 麼 ， 繼 續 說 呀
你 一 世 人 都 那 麼 骯 髒
我 習 慣 了
沒 有 ， 最 近 在 一 間 學 校 做 校 工
本 來 很 好 做 的
誰 知 跟 了 個 周 Sir ， 好 麻 煩 的
沒 人 性 到 死
你 又 幹 什 麼 呀 ？
我 可 不 要 提 了 ， 哪 有 你 那 麼 好
跟 著 大 飛 那 條 線
軍 火 軍 火
那 麼 巧 ， 我 們 也 在 盯 著 大 飛
不 過 我 們 是 找 一 支 警 槍
- 警 槍 ？ , - 是
是 嗎 ？ 不 是 吧 ， 他 們 那 些 是 機 關 鎗 呀
香 港 地 方 有 那 麼 猖 狂 ？
是 呀 ， 已 經 到 了 ， 光 天 化 日 呀
厲 害 …
那 麼 還 不 抓 他 們 回 來 ？
那 些 買 家 是 恐 怖 份 子
上 級 想 一 次 過 逮 捕 他 們
那 麼 心 狠 手 辣
有 什 麼 差 錯 就 死 得 人 多 了
無 謂 打 草 驚 蛇 嘛
假 如 日 後 你 知 道 槍 的 下 落 知 會 我 一 聲
- 那 當 然 的 , - 說 定 了
出 來 混 講 義 氣 的 嘛
以 前 一 班 臥 底 一 起 出 來 混
全 部 都 去 了 ， 只 剩 你 和 我 未 死 而 已
我 不 關 照 你 ， 你 說 關 照 誰 呀 ， 對 不 對 ？
個 個 都 可 以 死 ， 這 個 千 萬 別 死
那 麼 難 聽
飛 哥 ， 飛 哥 ， 用 不 著 那 麼 勞 氣 呀
有 什 麼 事 給 你 擺 平 了 它
雞 仔 標 記 不 記 得 ？ 十 年 前 被 你 抓 的 那 個
他 說 問 候 你 ， 王 Sir
警 察 警 察
明 白 嗎 ？
好 好
明 白 嗎 ？
去 你 的
「 我 無 交 功 課 」
「 真 抵 死 」
「 我 又 無 交 功 課 」
「 上 堂 四 圍 望 ， 抵 罰 」
「 上 堂 眼 定 定 ， 再 罰 」
「 千 錯 萬 錯 都 是 我 錯 」
一 隻 腳 站 ， 舉 高 點
真 人 表 演
看 好 啦
你 說 什 麼 ？
我 說 你 看 好 啦 ， 千 萬 別 笑 呀
哈 …
沒 事 吧 你 ？
痛 不 痛 呀 ？
跟 你 說 了 ， 不 聽 我 說
「 每 週 一 星 」
這 個 學 生 沒 腦 的 ， 沒 用 的
是 呀 ， 整 天 沒 記 性 ， 真 沒 用
人 已 經 夠 衰 了 ， 看 他 那 副 德 性
好 像 長 了 大 脖 子 似 的
這 次 真 是 不 怕 不 是 「 星 」 了
你 倆 在 這 兒 做 什 麼 ？ 叫 你 查 失 槍 你 查 字 典
喂 ， 老 大 呀
他 今 天 沒 功 課 交 ， 整 天 都 不 能 回 課 室
木 頭 似 的 在 操 場 罰 站
一 定 要 進 課 室 查 嗎 ？ 不 進 課 室 也 可 以 查 嘛
如 果 我 再 沒 功 課 交 ？ 學 校 門 口 都 進 不 了
那 時 可 真 是 查 不 到 了
這 條 數 你 會 不 會 算 呀 ？ 幫 幫 忙 ， 看 看
這 些 三 角 關 係 我 不 會 呀
老 大 ， 你 最 初 叫 我 接 這 案 子 的 時 候
態 度 不 是 這 樣 子 呀
不 是 ， 他 一 向 都 是 這 樣
我 一 向 都 這 樣 子 ， 你 聽 到 他 講 啦
當 初 好 聲 好 氣 ， 哄 你 入 局 而 已
老 大 … 不 如 看 看 外 邊 的 師 兄 有 誰 會 做
進 來 幫 幫 忙 ， 做 了 它 吧
你 白 癡 呀 ， 這 樣 豈 不 是 全 張 揚 出 去 了
你 呀 ， 我 告 訴 你 ， 你 快 點 搞 掂 呀
如 果 不 是 ， 我 用 鉸 剪 腳 來 夾 爆 你 的 頭
什 麼 腳 ？
凌 空 飛 起 那 種 鉸 剪 腳 ， 一 夾 就 夾 爆 你 的 頭
鉸 剪 腳 呀 ， 怕 了 嗎 ？
好 怕 呀
鉸 剪 腳 呀 ， 你 說 笑 死 不 笑 死
不 是 呀 ， 他 以 前 真 的 很 勁 的
以 前 啦 ， 是 嗎 ？
一 個 打 廿 個
打 廿 架 飛 機 纔 有 他 份 兒 ！ ？
阿 爸 ， 你 怎 麼 樣 了 ？ 阿 爸
阿 爸 ， 你 去 死 吧 ， 阿 爸
你 怎 麼 這 麼 說 話 ？
糟 了 ， 遲 到 了
有 沒 有 搞 錯 ， 才 六 點
那 麼 勤 勞 ， 感 染 到 我 了 ， 我 也 要 讀 一 下 書
蕃 薯 ， 蕃 薯 …
我 不 是 叫 蕃 薯
但 是 你 很 像 呢
你 昨 天 的 生 物 科 做 好 沒 有 ？ 借 來 抄 抄
有 也 不 借 給 你 ， 你 傻 了 ？
出 五 十 塊 買 你 那 份 生 物 科
我 …
你 沒 交 功 課 就 想 拿 錢 ， 你 …
走 開 點 ， 一 個 個 來
多 多 都 有
作 文 有 沒 有 呀 ？ 作 文 呀
潺 仔 強 … 你 那 份 爛 的 ， 走 開
- 他 挺 受 同 學 歡 迎 的 , - 是 呀
現 在 才 抄 ？
這 樣 沒 用 的 ， 沒 前 途
你 看 ， 我 做 好 了
了 不 起 呀 你 ！
失 禮 失 禮
我 這 樣 說 不 是 想 諷 刺 你
我 只 是 想 告 訴 你 ， 我 由 今 天 開 始
不 會 再 讓 任 何 人 向 我 擲 粉 刷
我 由 今 天 開 始 ， 不 會 再 被 人 罰 站 走 廊
或 者 站 在 操 場 示 眾
還 要 抱 著 塊 死 人 牌 讓 人 當 猴 子 看 ， 不 會
你 慢 慢 抄 …
突 擊 測 驗 ， 誰 不 合 格 罰 站 操 場 一 個 禮 拜
「 中 史 測 驗 」
- 大 哥 大 ？ , - 怎 麼 樣 ？
有 沒 有 搞 錯 ？
什 麼 ？ 中 史 測 驗 ？ 你 和 他 搞 掂 就 行 了
不 是 吧 ， 老 大 ， 中 史 我 不 行 ， 拉 屎 我 就 會
你 別 掛 線 ， 男 人 婆
幫 我 叫 肩 膀 有 花 的 立 即 上 來
幫 我 問 平 定 「 安 史 之 亂 」
使 唐 室 轉 危 為 安 的 名 將 是
A . 郭 子 儀
B   for   boy 呀 ， 清 不 清 楚 呀 ？
是 李 光 弼 ， C . 李 克 用 …
李 克 用 呀 ， 李 克 勤
A 是 郭 子 儀 ， B 是 李 光 弼
哪 兩 個 平 定 「 安 史 之 亂 」 ？ 你 答
郭 子 儀 和 朱 溫
不 是 吧 ， 好 像 是 李 光 弼 和 朱 溫
究 竟 是 哪 個 「 拉 屎 … 」
郭 子 儀 還 是 朱 溫 ， 答 我 呀
有 沒 有 搞 錯 ， 你 查 書 ？
不 是 呀 ， 行 了 … 等 多 一 會 兒
仔 呀 ， 是 呀 ， 朱 溫 呀 ， 朱 溫 是 誰 呀 ？
答 案 是 B ， 答 案 是 B 呀 ， B 呀
蕉 ？ 蕉 for   banana ， B
你 再 幫 我 問 問
「 牛 李 黨 爭 」 , , 是 什 麼 ？ 答 我 呀 …
又 找 書 呀 ？ 「 牛 李 黨 爭 」 你 們 也 不 會 呀
讀 什 麼 書 呀 ， 吃 屎 吧
在 搞 什 麼 大 案 呀 ？
不 知 道
蘋 果 ， AppIe   for   A ， 這 也 行
下 一 題 ， 你 聽 清 楚 是 …
答 案 D ， D 呀 ， D   for   Dog
D   for … D   for   Dog
B B
達 叔 ， 你 在 這 兒 做 什 麼 ？
沒 有 ， 我 在 這 兒 掃 垃 圾
女 廁 塞 了 ， 你 跟 我 去 通 一 通 好 嗎 ？
是 呀 ， 你 跟 我 來
喂 ， 什 麼 ？ 測 完 了 ？
Sir ， 什 麼 案 呀 ？
「 三 狼 」 呀
是 嗎 ？ 不 是 死 了 嗎 ？
翻 案 呀 ！
為 何 我 那 麼 蠢 ， 這 也 想 不 到
沒 有 沒 有
又 沒 有 ？
你 倆 個 騎 馬 呀 ？
墜 馬 墜 馬
那 你 兩 個 是 在 作 弊 啦
不 是 兩 個 ， 是 我 一 個 作 弊 ， 你 抓 我 吧
你 跟 我 出 來
等 等 等 等
多 離 譜 呀 ！ 中 史 測 驗 ， 拿 本 國 文 出 來 作 弊
你 都 算 失 敗 啦 你
那 他 這 都 不 算 作 弊 呀
我 不 擔 心 他 的 罪 名
我 只 是 作 出 適 當 的 處 分 而 已
你 們 大 家 有 什 麼 意 見 ？
扣 操 行 三 分 ， 照 例 的 ， 別 吵
別 那 麼 嚴 吧 ， 扣 滿 十 二 分 要 趕 出 校 的
樑 老 師 ， 你 呢 ？
劈 死 他 吧
你 說 什 麼 ？
你 不 是 想 這 樣 嗎 ？ 作 弊 而 已
是 人 生 必 經 的 階 段 呀
試 問 哪 一 個 人 沒 作 過 弊 呀
最 重 要 的 是 會 用 腦 ， 你 連 作 弊 都 不 會 用 腦
你 站 好 ， 還 動 ？
用 腦 子 都 不 會 ， 那 就 值 得 罰 呀
照 我 說 ， 最 好 就 重 測
一 次 不 會 ， 測 兩 次 ， 兩 次 不 會 ， 測 夠 三 次
測 到 他 會 為 止
現 在 罰 他 還 是 罰 我 ， 我 哪 有 那 麼 多 時 間 ？
- 去 少 點 馬 場 吧 , - 對 呀 …
我 贊 成
我 提 議 見 他 家 長 ， 瞭 解 一 下 他 家 裏 的 情 況
好 ， 我 現 在 決 定 周 星 星 作 弊
罰 留 堂 一 個 禮 拜 ， 掃 操 場 兩 個 禮 拜
扣 操 行 五 分 ， 下 個 禮 拜 重 測
還 有 ， 我 要 見 你 的 家 長
家 長 ？ 我 沒 有 ， 我 沒 老 爸 、 沒 老 媽
沒 兄 弟 姐 妹 、 沒 親 戚 、 沒 朋 友
那 你 的 監 護 人 呢 ？
監 護 人 就 是 我
你 要 見 ， 見 我 就 行 了
他 的 資 料
監 護 人 填 誰 呀 ？
達 叔 ？
達 叔 ！
別 吵 ， 死 了 … 大 件 事 了
達 叔 ， 周 星 星 真 是 你 的 兒 子 ？
你 比 我 高 級 ， 你 講 吧
周 星 星 ， 你 講 ！
你 別 笑 ， 你 們 說 ！
是 的
是 … 失 禮 …
我 一 早 就 猜 到 了 ， 看 看 他 們 一 個 模 樣 的
不 是 吧 ， 一 個 模 樣 ？
他 老 爸 ， 不 是 吧 ？
喂 … 不 是 啊 ， 這 兒 …
你 姓 曹 ， 他 姓 周 ， 為 什 麼 呢 ？
不 知 道 ， 為 什 麼 ？
這 是 命 令
出 世 那 時 我 是 改 了 他 叫 曹 星 星 的
後 來 他 不 知 為 什 麼 自 已 改 做 周 星 星
這 樣 回 答 行 不 行 呢 ？
對 對
主 任 ， 沒 什 麼 我 們 出 去 了
等 一 等 ， 達 叔 ， 我 們 請 你 回 來 是 想 告 訴 你
你 兒 子 作 弊 呀
作 弊 ？ 作 弊 不 對 的 ， 作 弊 不 好 嘛
作 弊 不 好 ， 老 師 ， 作 弊 …
沒 什 麼 我 們 出 去 了
達 叔 … 你 明 不 明 白 呀
管 教 是 學 校 和 家 長 相 輔 相 成 的 嘛
你 說 是 嗎 ？
我 們 可 以 管 教 到 何 時 呢 ？
你 兒 子 上 學 不 夠 三 天 就 作 弊 了
- 隨 便 打 兩 下 就 走 , - 不 行
你 要 認 真 管 教 才 行 的
隨 便 一 下
當 然 是 隨 便 一 下
行 了 ， 不 用 說 了 主 任 ， 我 知 道 怎 麼 做
衰 仔 ， 你 學 人 作 弊 ， 讀 屎 片 呀 ， 打 死 你 …
你 別 太 激 動 …
打 死 你 …
- 死 了 嗎 ？ , - 死 了 啦
- 你 說 謊 , - 真 的
打 多 你 一 下
你 這 混 …
周 Sir ， 你 也 別 這 樣 子
要 我 出 盡 力 揍 你 ， 你 知 你 自 已 多 麼 硬 朗 啦
那 也 是
我 幾 十 歲 ， 骨 頭 又 脆
揍 完 你 之 後 ， 我 渾 身 骨 痛 ， 手 指 骨 都 爆 了
- 是 嗎 ？ , - 是 呀
那 可 不 好 意 思 呀
不 要 緊 ， 誰 叫 我 在 這 行 打 滾
去 看 看 醫 生 ， 我 請
謝 謝 …
達 叔 ！
何 老 師
你 別 那 麼 勞 氣 啦
周 星 星 同 學 ， 你 知 不 知 道 你 爸 爸 多 麼 偉 大
不 要 緊 … 為 人 父 母 的 每 個 都 那 麼 偉 大 的
他 這 樣 不 行 的 ， 不 如 這 樣 吧 ， 我 幫 他 補 習
我 家 裏 沒 錢 呀
怎 麼 好 意 思 呀 ， 老 師
- 達 叔 , - 阿 爸
我 不 收 他 錢 的
不 好 …
我 負 責 幫 你 教 好 他
不 好 …
不 是 太 好 的 ， 這 樣 呀 …
就 這 樣 ， 由 明 天 開 始 ， 你 放 心 啦
謝 謝 …
謝 謝 啦
還 用 得 著 口 震 ， 得 手 了 ， 你 …
找 死 呀 你 ， 剛 纔 想 拆 我 臺 呀 ， 夠 膽 說 不 好
喂 ， 醒 目 點 ， 別 穿 崩
喂 喂
有 人 找 你 呀
誰 呀 ？
上 去 天 台 你 就 知 道
好 呀 ， 來
一 會 兒 要 給 點 顏 色 他 看
他 來 了
誰 幫 他 就 站 在 他 那 邊
你 要 收 保 護 費 ， 我 幫 他 給 就 是 了
你 這 烏 龜 仔 一 定 是 沒 死 過 了
等 我 捉 你 過 來 ， 用 你 的 口 做 煙 灰 缸
捉 他 過 來
還 有 什 麼 事 嗎 ？
沒 什 麼 沒 什 麼
你 以 後 沒 什 麼 事 就 別 叫 我 上 來 嘛
知 道 了 ！
沒 前 途 呀 ， 真 是 的 ！
星 哥 ， 你 厲 害 過 李 小 龍 呀
星 哥 ， 要 不 要 擦 鞋 呀 ？ 星 哥
星 哥 ， 你 真 厲 害 ， 夠 不 夠 錢 花 ？ 我 有
還 有 ， 衣 服 也 不 弄 好 ， 這 次 我 不 打 你 不 行
拿 手 出 來 ， 拿 來 ， 拿 來
我 幾 十 歲 人 還 打 手 板 ？
拿 來 呀
不 好 ， 不 用 了 ， 老 師
那 隻
我 給 你 個 地 方 打
你 忍 心 打 ， 你 忍 心 用 力 打 下 來 呀
垃 圾 筒 似 的
一 會 兒 讓 何 老 師 上 來 見 到 多 失 禮
這 是 什 麼 呀 ？ 多 士 爐 呀 ， 把 麵 包 扔 了
你 房 間 的 色 情 刊 物 ， 一 會 兒 全 部 …
我 叫 你 收 拾 東 西 ， 你 吃 東 西
做 什 麼 ？ 裝 模 作 樣 ， 來 呀
收 拾 羅
柏 金 遜 病 呀 ！
柏 金 遜 是 你 老 爸 ， 整 天 都 在 扮
別 以 為 幾 十 歲 ， 我 照 揍 我 告 訴 你
沒 理 由 兒 子 房 間 大 過 老 爸 的
老 師 ， 這 個 我 不 是 很 明 白
這 兒 呀
坐 呀 ， 星 哥 ， 頭 髮 亂 了 ， 星 哥
腳 要 直 呀 ， 沖 快 點 ， 翻 跟 斗
是 了 … 對 了 …
你 沒 帶 眼 鏡 呀
幹 什 麼 你 們 ？ 好 像 很 悶 似 的
悶 呀 ？ 不 如 叫 老 師 帶 我 們 去 旅 行 吧
不 如 這 樣 ， 帶 你 們 的 女 朋 友 一 起 去 玩 吧
有 妞 就 行 了
好 極 了 ， 老 師
來 ， 幫 手 點 著 它
都 著 不 了
好 極 …
學 人 吸 煙 ， 幾 時 吸 到 大 呀 ， 扔 了 它
報 警 抓 你 們 這 班 人 ， 哪 有 前 途 呀 ， 你 說
原 來 你 不 吸 煙 呀
我 不 吸 的 ， 那 麼 貴 怎 麼 買 得 起
你 不 信 嗅 嗅 我 的 嘴 有 沒 有 煙 味
你 傻 了 呀
你 看 看 ， 沒 有 煙 屎 牙
你 怎 麼 那 麼 快 有 智 慧 牙 啊
你 今 年 多 大 呀 ？
我 今 年 就 … 十 八 歲
十 八 ？
就 快 十 九
不 過 看 你 樣 子 很 早 熟 呢
我 全 熟 了 ， 可 以 吃 得 了
對 了 ， 全 班 同 學 都 有 女 朋 友 ， 那 你 那 個 呢
我 沒 有
因 為 我 不 太 贊 成 學 生 在 求 學 時 期 談 戀 愛
我 認 為 很 浪 費 時 間
- 古 惑 呀 你 , - 是 呀
- 真 的 ？ , - 是
我 見 過 你 男 朋 友
整 天 在 學 校 門 口 等 你 那 個
你 怎 麼 知 道 是 我 男 朋 友
我 看 得 出 來
我 看 他 對 你 挺 好 的 呢
多 事 啊 你
不 過 ， 我 想 他 不 是 太 適 合 我
有 時 感 情 的 事 又 真 是 不 可 以 勉 強 的
他 是 警 察 ， 我 越 來 越 討 厭 警 察
我 同 意 ， 我 一 向 對 警 察 都 沒 有 好 感
什 麼 ？
Annie ， 我 有 個 請 求
什 麼 事 ？
讓 我 看 看 你 的 胸 嘛
什 麼 ？
一 邊 就 夠 了 ， 一 邊 嘛
胸 呀 ！
你 又 沒 吃 虧
你 這 死 細 龜 ， 真 噁 心 ， 說 這 種 話
你 別 走 呀
你 看 細 龜 真 是 的 ， 像 烏 龜 似 的
尤 其 是 頭 ， 加 個 殼 ， 太 神 似 了
不 過 最 近 細 龜 成 績 差 了
我 想 幫 他 補 習 一 下
但 是 你 要 幫 我 補 啊 ， 哪 有 時 間 呀 ？
你 已 經 進 步 了 很 多 了
那 等 我 幫 他 補 吧
我 進 步 了 嘛 ， 應 該 沒 問 題
你 行 嗎 ？
所 以 你 要 繼 續 幫 我 補
那 我 纔 可 以 幫 他 補 ， 你 明 白 嗎 ？
你 明 白 的
明 白 了 ？
這 是 舍 下 ， 怎 麼 樣 ？
祖 母 ， 倒 茶 呀
阿 星 哥 ， 隨 便 坐
阿 星 哥 ， 喜 歡 玩 什 麼 遊 戲 機 呀 ？
世 嘉 還 是 PC ， 還 是 超 級 任 天 堂 呀
遲 一 會 兒
你 怎 麼 那 麼 煩 ， 倒 茶 啦
請 喝 茶
謝 謝 …
你 們 是 同 學 呀 ？
是 呀
一 起 讀 書 的 ？
是 呀 …
是 書 友 呀 ？
是 呀 …
你 們 是 同 學 呀 ？
是 呀 ， 你 怎 麼 知 道 ？
你 說 那 麼 多 幹 嘛 ， 進 去 吧
笨 手 笨 腳 笨 手 笨 腳
是 你 的 工 人 ？
是 祖 母
祖 母 ？ 老 爸 ， 老 媽 呢 ？
不 常 在 這 兒
星 哥 ， 有 好 東 西 招 呼 你
嘩 … 這 小 子 那 麼 多 好 東 西
我 好 像 是 來 幫 你 補 習 的
傻 啦
祖 母 ， 試 試 看 ， 別 客 氣 呀
不 用 錢 ， 玩 玩 而 已 ， 怕 什 麼
行 了
是 ， 好 不 好 玩 呀 ？
你 試 試 反 手 ， 很 過 癮 的
反 手 拍 下 去 ， 九 十 度 拍 下 去
等 等 … 先 等 頭 起 來 ， 預 備 ， 出 擊
很 好 ， 做 得 好
試 用 雙 手 ， 用 力 點
敲 他 頭 頂 ， 這 兒 ， 沒 錯 …
嘩 ， 比 我 還 狠 呀 ， 看 不 出 ， 真 是
開 放 日 你 們 負 責 遊 戲 部 份
遊 戲 的 主 題 是 童 話 故 事
就 《 雪 姑 七 友 》 吧 ， 你 們 認 為 …
雪 姑 七 友 七 個 小 矮 人
雪 姑 七 友 七 個 同 牀 睡 ？
七 個 人 有 …
夠 了 ， 你 們 似 乎 離 譜 點 吧
老 師 ， 其 實 我 們 喜 歡 的 未 必 是 這 些
為 什 麼 你 不 問 問 大 家 呢 ？
是 呀 …
問 十 一 吧 ， 十 一 ， 你 平 時 喜 歡 玩 什 麼 ？
打 遊 戲 機
聽 到 了 嗎 ？ 我 也 喜 歡 的
是 呀 …
其 實 我 們 這 次 是 不 是 應 該 找 點
新 鮮 刺 激 的 東 西 來 大 家 搞 一 下 呢 ？
打 氣 槍 呀 ？
好 呀
打 氣 槍 太 過 暴 力 了
無 可 否 認 是 暴 力 了 點
但 是 ， 也 好 過 暴 露 ， 是 嗎 ？
- 吃 飯 吧 , - 謝 謝 …
死 仔 ， 幫 幫 手 嘛
做 什 麼 呀 你 ？
喝 湯 呀 ， 老 師
吃 塊 排 骨 吧
謝 謝 ， 達 叔
阿 爸 ， 你 也 喝
- 不 要 緊 , - 你 自 已 呢 ？
你 這 次 的 成 績 很 好 呀
都 是 全 靠 老 師 你 幫 我 補 習
不 過 ， 細 龜 比 你 還 高 分
不 是 吧
你 看 看
那 也 全 靠 我 幫 他 補 習
這 陣 子 我 天 天 督 促 他 ， 你 也 知 道 的
如 果 每 個 學 生 都 好 像 你 這 樣 就 好 了
哪 會 … 其 實 每 個 老 師 像 你 不 是 更 好
你 又 口 花 了
剪 你
我 錘 我 錘
包 住 包 住
這 都 捉 不 到 她 的 手 ， 真 是 … 真 失 敗
那 衰 仔 去 了 哪 兒 ？
祖 母 ， 我 不 回 來 吃 飯 ， 就 這 樣
大 哥 大 ， 勁
龜 哥 ， 龜 哥 ， 這 個 月 的
今 天 是 月 初 了 嗎 ？
是 呀 ， 看 著 我 …
不 用 謝 謝 我 ， 謝 謝 星 哥 行 了
機 靈 點 ， 星 哥 不 喜 歡 笨 頭 笨 腦 的 人
浪 費 時 間 浪 費 時 間
嘩 ！ 這 本 書 星 哥 喜 歡 ， 當 交 下 個 月 的
龜 哥 ， 孝 敬 你 的
機 靈 ！
喂 ， 有 好 東 西 給 你 看
叫 你 呀 ， 混 蛋
做 什 麼 鬼 鬼 祟 祟 ， 站 住
我 也 會 彈 的
不 關 我 的 事 ， 星 哥 ， 是 你 自 已 傻 要 彈 的
他 媽 的 ， 作 弄 我
走 走
張 開 口
放 了 我 吧 ， 星 哥
叫 你 別 走 ， 你 偏 要 走 嗎 ？
我 也 不 想 的
什 麼 名 字 ？
黃 小 龜
住 在 哪 兒 ？
九 龍 塘 九 龍 塘
全 都 住 呀 ？
理 想 酒 店 隔 壁
轉 過 來
雙 手 放 在 頭 上
玩 什 麼 呀 ， 小 夥 子 ？
什 麼 呀 ？
你 的 電 話
我 也 知 道
知 道 你 還 問
反 駁 阿 Sir ？
這 是 什 麼 ？
港 幣 港 幣
我 知 道
知 道 你 還 問 ？
我 現 在 是 不 是 不 能 問 你 ？
是 不 是 不 能 問 你 ？
可 以 問 …
立 即 告 訴 我 這 是 什 麼
港 幣 港 幣
我 知 道
知 道 你 還 問 ？
混 蛋 ， 即 刻 告 訴 我
不 然 ， 我 凌 空 飛 起 一 下 鉸 剪 腳 夾 爆 你 的 頭
不 要 夾 ， 星 哥 ， 這 些 錢 是 你 的
關 我 什 麼 事 呀 ？
保 護 費 呀
什 麼 保 護 費 ？
是 我 向 同 學 們 收 的 ， 每 人 三 十 塊
我 們 現 在 有 財 有 勢 ， 是 天 下 第 一 大 幫 派
天 下 第 一 大 幫 派 ？
是 呀 ， 星 字 派 ， 或 者 星 字 頭 都 行
老 大 老 大
你 這 班 傢 伙 聽 著 ， 我 不 是 你 們 老 大
立 即 把 錢 拿 回 去 ， 全 部 走
老 大 ， 不 是 叫 你 ， 叫 我 呀
叫 阿 公 呀
阿 公 阿 公
 聽 話
老 大 ， 算 啦
別 搞 得 學 校 這 樣 ， 避 免 我 們 倆 麻 煩
你 是 我 照 的 ， 你 在 學 校 被 人 欺 負
不 給 你 面 子 即 是 不 給 我 面 子 ， 是 不 是 ？
是 呀
想 在 我 地 盤 開 業 ？
說 開 就 開 ， 你 以 為 便 利 店 呀
他 傻 乎 乎 的 ， 什 麼 都 不 會
讓 我 看 看 他 有 什 麼 三 頭 六 臂
周 Sir ， 大 飛 來 了
好 像 是 專 程 來 找 你 的 ， 你 小 心 點
鎮 定 點 ， 應 該 沒 什 麼 事 的
阿 公 … 過 來 這 邊
別 再 叫 我 阿 公 ， 你 這 幫 傢 伙
星 哥 … 大 飛 來 找 你 呀
誰 說 找 我 呀 ？
他 說 有 大 找 大 ， 不 就 是 找 你
那 不 是 找 你 嗎 ？ 現 在 你 是 大 佬 嘛 ， 現 在 …
那 又 怎 麼 …
喂 ， 小 子 ， 別 走
老 大 是 嗎 ？
你 好 嗎 ， 哥 哥
你 就 是 星 字 頭 呀 ？ 你 可 真 囂 張
