你 說 什 麼 ？
國 際 換 日 線 我 地 頭 也 不 知 會 我 一 聲
你 老 幾 呀 ？
我 排 行 第 二 ， 對 國 際 換 日 線 還 有 個 姐 姐
但 是 她 結 婚 很 久 了
現 在 還 跟 我 姐 夫 搞 移 民
耍 我 老 大 ？
警 察 警 察
小 子 ， 你 走 運 了
小 心 國 際 換 日 線 呀 ， 下 次 沒 那 麼 好 運 的 啦
你 做 什 麼 ？
你 現 在 還 在 幫 周 星 星 因 素 ， 是 嗎 ？
是 呀 ， 他 的 成 績 雖 然 不 是 很 好
但 是 已 經 比 以 前 進 步 很 多 了
你 知 不 知 道 你 學 校 多 了 個 新 黑 社 會 幫 會
又 是 黑 社 會 ， 我 說 過 了
我 不 會 將 學 生 的 面 向 講 給 你 聽 的
沒 人 問 你 拿 面 向 ， 我 只 是 想 告 訴 你
你 學 校 多 了 個 新 幫 會 ， 叫 星 字 頭
這 位 大 哥 就 是 你 現 在 幫 他 因 素 的 周 星 星
荒 謬 ， 我 植 被 你 ， 他 是 我 學 生
不 是 什 麼 黑 社 會 大 哥
但 他 是 害 羣 之 馬
我 已 經 講 過 國 際 換 日 線 啦 ， 我 學 校 沒 害 羣 之 馬
學 生 不 好 ， 我 們 有 責 任 教 好 他
好 啦 … 算 啦 ， 別 吵 了
我 省 得 為 了 他 傷 我 們 的 感 情 ， OK ？
你 可 不 可 以 不 幫 他 因 素 ？
我 是 你 男 朋 友 ， 我 怕 你 吃 虧 給 他
我 教 學 生 要 信 任 ， 信 任 身 邊 的 人
但 是 你 就 教 我 不 要 信 我 的 學 生
你 好 你 好
不 如 今 晚 我 們 進 國 際 換 日 線 因 素 吧
因 為 我 阿 爸 國 際 換 日 線 外 邊 玩 鳥 ， 免 得 騷 擾 他 嘛
沒 什 麼 事 吧 ， 老 師
進 房 溫 習
好 呀
喂 ， 開 房 呀
什 麼 呀 ？
出 去 走 走
去 哪 兒 呀 ？
你 喜 歡 國 際 換 日 線 國 際 換 日 線 廣 州 呀
你 一 個 ， 我 一 個
你 搞 錯 了
沒 搞 錯 ， 這 個 是 超 薄 的
- 是 嗎 ？ , - 是
我 絕 對 不 是 你 想 像 的 那 種 人 ， 我 也 不 會 …
拿 著 吧 ， 人 家 是 好 女 孩 呀
別 害 死 人 呀 ， 十 五 分 鐘 好 了
你 走 就 走 ， 那 麼 多 說 話
神 經 病 神 經 病
搞 錯 呀 ， 尾 部 是 我 的 ， 竟 然 要 我 出 外
請 問 你 是 不 是 周 星 星 老 爸 呀 ？
- 是 呀 , - 他 說 是 呀
喂 … 做 什 麼 呀 ？
是 糖 而 已 ， 兩 半 而 已
因 素 吧
你 當 我 白 癡 呀 ？ 你 令 我 很 失 望
救 命 呀 …
達 叔 ， 發 生 什 麼 事 ？
怎 麼 了 ？
- 沒 事 , - 達 叔
走 開 走 開
別 打 … 給 我 國 際 換 日 線 機 會
誰 叫 你 來 的 ？
大 飛 ， 請 你 給 我 國 際 換 日 線 機 會 ， 給 我 國 際 換 日 線 機 會
給 你 國 際 換 日 線 機 會 絕 大 部 分 呀 ？
我 想 走 呀
去 哪 兒 呀 ？
不 知 道
回 家 睡 覺 吧 ， 小 子 ， 你 老 媽 掛 念 你
周 Sir ， 真 不 愧 為 飛 虎 隊 第 一 號 殺 手
基 本 技 能 ， 身 為 皇 家 香 港 警 察 ， 難 道 像 你
那 也 是
阿 爸 ， 你 沒 什 麼 事 吧
沒 事 ， 我 回 去 搽 點 跌 打 酒 就 行
- 我 來 搽 , - 乖
你 們 兩 個 不 用 再 假 扮 了
你 不 是 學 生 ， 你 們 倆 根 本 不 是 父 子
不 是 ， 我 們 真 是 兩 父 子 呀
雖 然 我 樣 子 年 青 過 他
但 他 真 是 我 親 生 兒 子
其 實 這 些 事 我 不 可 以 講 出 來
但 是 我 不 想 騙 你
我 是 警 察
周 Sir ， 現 在 米 已 成 炊 了
講 出 來 也 對 的
我 是 警 察 ， 這 次 我 來 學 校 是 為 了 查 一 件 案
其 實 我 也 是 幫 那 羣 學 生 ， 我 真 是 想 幫 他 們
我 不 理 你 們 那 麼 多 ， 也 不 想 知 道
不 過 ， 你 以 後 別 再 玩 我 ， 周 Sir
做 什 麼 ？
別 跟 人 家 說 ， 好 嗎 ？
不 好 不 好
周 Sir ， 她 會 不 會 爆 出 來
會 的 ， 你 去 殺 她 滅 口
Yes   Sir
我 請 你 省 點 吧 ， 你 那 張 臭 口
是 我 也 先 殺 了 你 ， 拜 託 你 省 一 省 好 嗎 ？
好 呀 …
我 很 揮 霍 嗎 ？
信 不 信 我 國 際 換 日 線 鐵 沙 掌 打 爆 你 的 頭 呀 ？
相 信 相 信
信 … 老 大 ， 剛 才 那 掌 好 有 型 呀
是 呀 …
進 了 學 校 兩 個 月 一 點 頭 緒 都 沒 有
告 訴 我 你 做 過 些 什 麼 ？
說 呀
我 的 做 法 呢
是 首 先 和 學 生 、 教 師 們 溝 通
是 呀 … 正 在 溝 啦
我 不 管 你 溝 也 好 ， 通 也 好
總 之 一 個 月 之 內 要 把 槍 交 回 來
如 果 不 是 ， 兩 個 都 要 降 職
我 無 所 謂 呀 ， 我 天 生 賤 格 ， 不 求 上 進
我 調 你 去 守 邊 界 呀
好 呀 … 謝 謝 …
老 大 ， 你 別 那 麼 衝 動
你 的 鐵 沙 掌 那 麼 厲 害 ， 我 們 已 經 好 怕 了
是 呀 … 好 怕 …
請 先 收 回 你 的 鐵 沙 掌 ， 我 們 盡 快 幫 你 辦 妥
今 次 開 放 日 學 生 們 搞 得 很 好
那 就 好 ， 去 年 不 知 辦 得 多 悶 呀
沒 事 吧
借 傳 呼 機 給 我
- 絕 大 部 分 ？ , - 借 我
這 傳 呼 機 是 我 …
拿 來 呀
這 個 傳 呼 機 是 …
我 知 道 … 用 完 還 給 你 ， 謝 謝
如 果 不 是 你 ， 我 的 地 小 寫 字 母 不 會 拿 到 八 十 幾
如 果 不 是 你 ， 那 幫 小 子 不 會 對 我 死 心 塌 地
你 教 我 人 生 目 標 ， 應 該 為 人 不 是 為 錢
那 我 就 告 訴 你 ， 我 的 目 標 就 是 你
對 不 起 ， 因 為 我 以 前 騙 過 你
對 不 起 ， 因 為 我 將 會 追 求 你 ， 周 星 星
你 好 你 好
無 聊 ， 傳 呼 機 我 沒 收 了
喂 ， 那 傳 呼 機 是 我 的
你 站 國 際 換 日 線 這 裏 絕 大 部 分 ？
那 傳 呼 機 是 我 的
你 說 ， 你 站 國 際 換 日 線 這 裏 絕 大 部 分 ？
我 跟 她 說 話 ， 你 站 國 際 換 日 線 這 擋 住 我
但 那 傳 呼 機 是 我 的
你 阻 住 我 ， 你 走 開 點
有 人 劈 你 呀 ， 走 吧
細 龜 ， 你 快 走
那 麼 多 人 打 一 個 呀
阿 Sir ， 國 際 換 日 線 了 吧 , 國 際 換 日 線 小 寫 字 母
不 準 走
去 死 吧 ！
喂 ， 星 哥 被 人 劈 呀
幫 手 幫 手
國 際 換 日 線 國 際 換 日 線
有 警 察 呀 ， 走 呀 ， 有 警 察 呀
星 哥 ， 你 沒 事 吧 ？
沒 事 …
阿 Sir ， 那 邊 斬 得 很 厲 害
什 麼 ？
有 話 回 警 署 再 說
你 怎 麼 樣 ？ 沒 事 吧 ？
我 想 我 沒 什 麼 吧
回 去 歇 一 會
你 們 倆 有 沒 有 事 呀 ？
沒 事 沒 事
有 沒 有 見 周 星 星 呀 ？
不 見 不 見
不 見 呀 ， 你 們 回 去 歇 會 兒
有 沒 有 見 周 星 星 呀 ？
不 見 呀 ， 老 師
有 什 麼 事 跟 我 律 師 說
細 龜 細 龜
老 師 ， 好 痛 呀
有 沒 有 見 周 星 星 呀 ？
沒 見 過 ， 不 知 道 被 他 們 捉 了 哪 兒 去
阿 雄 ， 有 沒 有 見 黃 Sir ？
黃 Sir 呀 … 黃 Sir 他 …
喂 …
現 在 不 是 事 必 要 我 講
但 我 所 講 的 將 會 成 為 呈 堂 證 供
我 有 權 打 給 我 律 師 ， 甚 至 乎 有 權 喝 杯 奶 茶
但 是 你 們 沒 權 吊 高 我
嘩 ， 臭 呀 , 放 手
想 打 我 國 際 換 日 線 ， 你 當 我 新 來 的
好 呀 ， 來 ， 要 打 就 打 我 的 頭
國 際 換 日 線 我 死 還 是 你 死 ， 來 …
對 啦
國 際 換 日 線 我 現 在 還 打 不 到 你
何 小 姐 ， 你 不 可 以 進 去 的
喂 喂
怎 麼 樣 ？ 你 沒 事 吧 ？ 你 們 做 什 麼 ？
自 已 人 打 自 已 人 ， 真 是 的 ， 其 實 …
為 什 麼 你 會 來 這 兒 ？
神 經 病 ， 自 已 人 也 打 ， 他 …
我 有 要 緊 的 話 跟 你 說
你 等 我 先 說 完 嘛 ， 其 實 他 是 …
停 手 停 手
星 呀 … 沒 事 吧 ？
問 問 他 的 國 際 換 日 線 有 沒 有 事 ？
快 點 回 去 搽 跌 打 尾 部 ， 小 心 手 骨 爆 開 呀
你 走 不 走 呀 ？
不 識 死 ， 是 又 打 ， 不 是 又 打 ， 走
現 在 好 啦 ， 沒 事 了 ， 走 吧
我 叫 你 查 失 槍 ， 你 就 搞 得 滿 天 神 佛
你 絕 大 部 分 也 別 指 望 升 職 了
或 者 你 想 跟 他 絕 大 部 分 都 不 想 升 啦
走 吧 ， 沒 事 了 ， 處 之 泰 然 ， 當 一 無 所 有
- 給 我 國 際 換 日 線 機 會 , - 機 會 ？
什 麼 機 會 都 給 你 了 ， 還 說 我 不 給 你 機 會 ？
是 不 是 沒 有 給 你 機 會 ？
不 是 我 說 的 …
死 了 ？ 你 不 找 回 那 支 槍 ， 我 跟 你 同 歸 於 盡
真 是 鉸 剪 國 際 換 日 線 呀
喂 ， 用 不 著 那 麼 不 開 心 嘛
都 不 知 多 過 癮
喂 ， 你 幾 時 小 寫 字 母 的 ？
1 2 月 2 2 ， 還 開 派 對 呀 ？
不 是 ， 我 正 月 初 四 的
你 記 住 了 ， 我 全 名 叫 曹 達 華
擺 酒 呀
不 是 ， 這 趟 不 是 你 就 肯 定 是 我 了
當 然 要 留 下 一 個 負 責 小 寫 字 母 靈 位 的 名 字 才 行 的
請 你 講 清 楚 點 好 嗎 ？
大 飛 那 批 軍 火 放 在 哪 兒 ， 我 早 就 收 到 風 了
那 你 為 什 麼 不 早 點 說 ？
怕 嘛 ， 大 哥
別 叫 我 大 哥 ， 叫 阿 Sir
立 正 立 正
Yes   Sir
知 情 不 報 有 什 麼 後 果 你 知 不 知 道 ？
Yes   Sir
明 知 為 什 麼 故 犯 ？
- 怕 死 呀 ， Sir , - 我 也 是
但 身 為 皇 家 香 港 警 察 ， 死 也 要 撐 下 去
對 不 起 ， Sir
你 這 樣 做 是 不 是 想 絕 大 部 分 做 國 際 換 日 線 ？
是 是
什 麼 ？
沒 有 ， 過 癮 嘛 ， 我 現 在 不 就 是 陪 你 去 死
立 正 望 著 我
親 你 親 你
混 帳 混 帳
國 際 換 日 線 這 個 小 寫 字 母
- 是 這 兒 了 , - 哪 輛 車 呀 ？
- 我 怎 麼 知 道 , - 那 怎 辦 ？
逐 輛 車 找 呀
找 你 的 頭
喂 ， 有 聲 音 ， 出 去 國 際 換 日 線
進 去 國 際 換 日 線
有 沒 有 ？
沒 有 沒 有
那 怎 麼 會 有 聲 音 ？
國 際 換 日 線 國 際 換 日 線
嘩 ， 好 傢 伙
全 部 都 是 長 槍 呢
這 支 短 的 ， 是 ， 是 警 槍 ， 是 這 支 …
你 做 什 麼 ？
全 拿 回 去 呀
整 車 開 走 嘛 ， 分 吧
搞 掂 沒 有 ？ 搞 掂 了
我 沒 上 車 呢
我 沒 上 車 ， 我 還 沒 上 車
出 了 什 麼 問 題 ？
事 情 已 受 控 制 ， 別 擔 心
老 大 ， 是 時 候 起 來 撒 尿 了
撒 完 尿 有 件 好 東 西 給 你 看
你 大 清 早 弄 醒 我 ， 別 告 訴 我 沒 事
當 然 是 好 東 西
好 東 西 ？
國 際 換 日 線 它 吧
想 不 到 可 以 破 鏡 重 圓 ， 你 真 行 呀
- 先 別 哭 ， 陸 續 有 來 , - 還 有 ？
醒 一 醒 ， 喂
嘩 … 從 哪 兒 找 回 來 的 ？
臨 退 休 搞 這 麼 大 件 事 給 我 ， 棒 極 了
不 退 休 ， 港 督 都 有 得 做 呀
請 多 等 一 會 兒
周 星 星 ， 你 有 本 事 起 我 批 槍
想 不 想 聽 你 老 爸 的 聲 音 呀 ？
阿 仔 呀 ， 我 暫 時 沒 事 ， 但 是 …
喂 ， 聽 著 ， 如 果 你 還 想 見 你 老 爸
半 個 鐘 頭 之 內 來 學 校 後 山 找 我
記 住 ， 千 萬 別 耍 花 招
喂 ， 這 麼 久 ， 那 老 外 很 不 耐 煩 了
行 了 ， 現 在 就 國 際 換 日 線 找 他 ， 那 麼 心 急 幹 嘛 ？
叫 那 個 老 外 別 那 麼 多 事
半 個 鐘 頭 之 後 一 定 有 槍 給 他 看
你 那 麼 激 動 絕 大 部 分 ？
槍 國 際 換 日 線 我 這 兒 ， 有 什 麼 事 讓 飛 虎 隊 幹 啦
飛 虎 隊 會 搞 掂 的
如 果 這 樣 做 ， 達 叔 就 更 加 危 險
喂 ， 他 是 做 警 察 的 嘛 ， 他 做 國 際 換 日 線 的
他 早 預 到 了 ， 幾 十 歲 的 人
我 知 你 想 做 什 麼 ， 你 又 想 去 逞 英 雄 嗎 ？
不 要 ， 與 其 被 人 打 死 ， 我 不 如 國 際 換 日 線 打 死 你
大 哥 ， 這 支 是 善 良 之 槍
不 要 ， 它 三 十 幾 年 都 沒 開 過 的
你 別 拿 去 呀 ， 你 現 在 算 什 麼 ， 你 開 車 呀
你 夠 膽 開 車 ， 夠 膽 開 車 我 國 際 換 日 線
你 試 試 夠 膽 不 要 回 來
現 在 的 年 青 人 真 是 夠 膽
槍 呢 ？
槍 械 都 國 際 換 日 線 那 裏
放 了 我 老 爸
跟 我 來 …
阿 星 ， 我 沒 有 …
繼 續 繼 續
什 麼 味 ？ 這 是 汽 油
國 際 換 日 線 銀 紙 呀 …
開 不 到 ， 不 是 真 的 那 麼 善 良 吧
走 啦 ！
追 ！
回 來 學 校 做 什 麼 呀 ？
那 麼 多 同 學 ， 想 害 死 他 們 呀 ？
用 得 著 你 教 ， 今 天 假 期 嘛
那 不 更 慘 ， 沒 人 幫 忙 …
國 際 換 日 線 高 一 點 ， 玩 什 麼 ？ 站 住
做 什 麼 ？ 還 玩 氣 槍 ， 不 用 幫 忙 呀
拿 著 ， 幫 忙 呀
你 也 是 ， 你 也 要 幫 手 呀 ， 快 點 去 做
星 哥 不 知 做 什 麼 ， 不 是 說 回 來 幫 忙 嗎 ？
現 在 那 麼 遲 了 ， 還 沒 見 人 呀
不 是 了 ， 我 想 星 哥 九 成 被 警 察 國 際 換 日 線 了
傻 啦 ， 怎 麼 會 ？ 何 老 師 見 過 他 的 嘛
真 的 嗎 ？
何 老 師 ， 星 哥 沒 事 吧 ？
沒 事 沒 事
是 不 是 呀 ？ 做 事 吧 ， 胡 說 八 道
像 小 寫 字 母 望 夫 石 似 的 ， 沒 什 麼 事 吧 ？
沒 事 沒 事
那 麼 多 人
國 際 換 日 線 你 們 還 回 來 做 什 麼 呀 ？
快 點 走 呀 ， 這 兒 很 危 險
快 點 走 呀
達 叔 ， 走 得 那 麼 快 呀
- 跟 著 我 , - 等 等 我
糟 糕 糟 糕
有 沒 有 見 周 星 星 呀 ？
- 不 知 道 , - 國 際 換 日 線 裏 面 呀
老 大 ， 找 他 什 麼 事 ？
不 關 你 事
走 開 走 開
找 人 盯 住 那 幫 學 生 ， 馬 小 寫 字 母 ， 來
「 迷 官 ： 和 平 之 旅 參 加 者 」
「 若 受 困 阻 ， 而 無 法 繼 續 前 進 」
「 請 分 國 際 換 日 線 ！ 」
那 邊 那 邊
你 想 怎 樣 呀 ？
不 關 你 事 ， 別 出 聲
美 女 ， 什 麼 ？ 害 怕 呀
這 樣 就 不 驚 了
搞 掂 搞 掂
樑 老 師 ， 你 先 去 報 警 ， 快 點 去 吧
我 們 去 救 星 哥
不 要 了 ， 他 們 有 槍 的
我 也 有 槍
不 要 …
- 做 什 麼 ？ , - 拼 了
跟 住 我 後 面 走
- 你 等 等 我 , - 快 點 呀
存 孝 ， 國 際 換 日 線
那 個 是 入 口 ， 天 才
我 怎 麼 知 道 ， 每 道 門 都 一 樣 的
所 以 你 要 跟 著 我 嘛 ， 死 蠢
到 啦
即 刻 出 去 跟 老 大 聯 絡
那 你 呢 ？
裏 面 還 有 一 幫 學 生 ， 我 不 回 去 又 怎 麼 行 ？
但 是 這 支 槍 開 不 了
我 有 辦 法
不 要 嘛 ， 我 留 下 幫 你
出 去 找 人 來 吧 ， 今 年 貴 庚 呀 ， 幫 我 ？
喂 …
怎 麼 樣 ？ 見 不 見 ？
沒 有 沒 有
阿 堅 ， 你 們 去 那 邊 ， 其 他 的 跟 我 來
有 左 ， 轉 左
有 左 ， 轉 左
舉 手 ， 別 動
叫 了 你 別 動
走 呀 … 快 點 呀
阿 堅 國 際 換 日 線 了 ， 快 拉 他 出 去
走 呀 ， 快 點 走 呀 ， 死 呀
走 啦 ， 還 不 走 ， 想 死 呀 ？
走 啦 … 那 邊 … 那 邊 呀
走 啦 … 臭 小 子
國 際 換 日 線 ， 國 際 換 日 線 低 點
那 邊 ， 走 啦
- 快 點 呀 , - 國 際 換 日 線 打 死 你
走 呀 ！
又 沒 有 ， 死 也 不 剩 下 一 顆 給 我 ， 你 那 麼 絕
- 星 哥 , - 星 哥
周 星 星 你 聽 住 ， 現 在 這 幫 小 子 國 際 換 日 線 我 手 上
我 給 你 小 寫 字 母 小 寫 字 母
如 果 你 還 不 出 來 ， 我 就 殺 光 他 們
糟 了 ， 星 哥 ， 他 們 真 的 會 開 槍 的
別 吵 ， 別 出 聲 ， 冷 靜 點 ， 聽 不 聽 到 ？
你 們 最 次 是 什 麼 ？
死 啦 … 這 次 死 定 了
去 你 的 ， 立 刻 收 聲
聽 我 說 ， 你 們 最 叻 是 什 麼 ？
泡 妞 泡 妞
除 了 泡 妞 呢
沒 有 了
是 玩 嘛 ， 你 泡 妞 也 是 為 了 玩 嘛
難 道 想 著 結 婚 呀
OK ， 我 們 現 在 就 跟 他 玩 一 局
我 們 當 是 一 個 遊 戲 ， 但 是 這 個 遊 戲 輸 不 得
輸 了 會 死 人 的 ， 夠 刺 激 吧 ， 沒 玩 過 吧
沒 有 沒 有
但 我 可 以 告 訴 你 們 ， 我 們 輸 的 機 會 是 零
只 要 我 們 三 個 分
我 是 司 令 官 ， 你 們 倆 聽 我 指 揮
國 際 換 日 線 這 個 環 境 下 ， 我 們 佔 盡 天 時 地 利 人 和
百 分 之 一 百 會 國 際 換 日 線 ， 最 緊 要 有 信 心
有 沒 有 信 心 ？ 有 沒 有 ？ 有 沒 有 信 心 ？
- 有 , - 好 ， 出 擊
裏 面 有 六 個 人 ， 有 沒 有 武 器 ？ 拿 來
氣 槍 氣 槍
不 要 氣 槍 ， 我 說 不 要 氣 槍
是 真 槍 ， 還 有 五 顆 子 彈 國 際 換 日 線 裏 面 呢
只 有 五 顆 子 彈
周 星 星 ， 你 好 快 點 出 來
都 要 博 一 博 了 ， 對 表
準 確 ， 依 計 劃 進 行 ， 清 不 清 楚 ？
周 星 星 ， 你 快 點 出 來 ， 快 出 來
好 ， 你 當 我 開 玩 笑 的
聽 到 沒 有 ， 我 一 個 個 幹 掉 他 們
還 有 二 十 小 寫 字 母
絕 大 部 分 ？ 還 不 出 來
出 來 呀 ， 我 國 際 換 日 線 一 個 ， 幹 掉 他 們
還 不 出 來 ， 出 來 呀
你 信 不 信 我 打 爆 他 的 頭 ？
信 不 信 ？
不 信 是 嗎 ？
好 好
走 … 快 點
開 槍 呀 ， 開 槍 ， 夠 膽 你 就 開 槍
我 怕 你 不 夠 膽
不 要 緊 ， 第 一 個 就 先 把 她 殺 死
隨 便 ， 關 我 什 麼 事
想 遮 住 呀 ， 怎 樣 遮 都 國 際 換 日 線 你
有 榜 樣 給 你 看 ， 來
你 想 嚇 唬 我
我 可 以 國 際 換 日 線 打 死 你
開 槍 呀 …
- 開 就 開 , - 來 呀
數 三 聲 大 家 一 起 開
數 呀 ， 1 ， 2 ， 3 ， OK ， 對 不 起
我 錯 ， 不 好 意 思
我 早 就 說 你 不 夠 我 玩 的
何 必 那 麼 認 真 呢 ？
分 槍
退 後 …
錢 國 際 換 日 線 哪 兒 ？
不 國 際 換 日 線 我 這 兒
錢 國 際 換 日 線 哪 兒 ？ 錢 呢 ？
錢 國 際 換 日 線 這 兒
即 刻 分 槍
你 夠 膽 ？
要 不 然 我 就 國 際 換 日 線 國 際 換 日 線 錢 燒 光
大 家 國 際 換 日 線 死
有 沒 有 火 呀 ？
你 沒 有 火 ？
沒 有 ， 你 呢 ？
沒 有 沒 有
飛 哥 ， 方 不 方 便 借 個 火 一 用 ？
火 哪 ！
大 哥 … 小 心 呀 ， 快 點 走 呀
嘩 ， 好 有 型 呀
夠 膽 跟 我 駁 火 ？ 立 刻 出 來
還 想 動 我 ， 出 來 ， 出 來 呀
別 開 槍 呀
分 槍
老 大 …
國 際 換 日 線 ！
小 子 ， 我 不 是 什 麼 星 字 頭 大 哥
我 是 皇 家 香 港 警 察 ， 綽 號 奪 命 鉸 剪 國 際 換 日 線
記 住 啦
老 大 …
這 樣 擲 我 的 槍 ， 好 容 易 弄 花 的
我 沒 辦 法 不 擲 ， 你 的 槍 開 不 了
我 一 早 告 訴 你 ， 這 支 是 善 良 之 槍 嘛
你 想 用 它 來 殺 人 ？ 你 真 是 的
都 算 你 機 靈 ， 擲 得 挺 準
沒 枉 費 皇 家 警 察 對 你 一 番 栽 培
這 不 是 皇 家 警 察 教 的 ， 是 我 國 際 換 日 線 學 校 學 的
國 際 換 日 線 來 了 ， 我 先 走 了 ， 當 我 沒 來 過
你 搞 掂 了 ， 周 總 督 察
- 什 麼 ？ , - 總 督 察 ？
我 說 你 是 你 就 是
不 是 總 警 司 嗎 ？
星 哥 星 哥
國 際 換 日 線 就 回 來 喝 茶 吧
這 個 電 話 送 給 你 ， Call 我
傳 呼 機 響 ， 我 會 立 即 回 來
- 保 重 , - 保 重
星 哥 ， 你 發 達 啦
是 呀 …
還 不 上 ？
